NOTE: Picked up JDK_JAVA_OPTIONS:  --add-opens=java.base/java.lang=ALL-UNNAMED --add-opens=java.base/java.io=ALL-UNNAMED --add-opens=java.base/java.util=ALL-UNNAMED --add-opens=java.base/java.util.concurrent=ALL-UNNAMED --add-opens=java.rmi/sun.rmi.transport=ALL-UNNAMED
22-Sep-2022 21:02:58.709 INFO [main] org.apache.catalina.startup.VersionLoggerListener.log Server version name:   Apache Tomcat/8.5.82
22-Sep-2022 21:02:58.712 INFO [main] org.apache.catalina.startup.VersionLoggerListener.log Server built:          Aug 8 2022 21:26:07 UTC
22-Sep-2022 21:02:58.712 INFO [main] org.apache.catalina.startup.VersionLoggerListener.log Server version number: 8.5.82.0
22-Sep-2022 21:02:58.713 INFO [main] org.apache.catalina.startup.VersionLoggerListener.log OS Name:               Linux
22-Sep-2022 21:02:58.713 INFO [main] org.apache.catalina.startup.VersionLoggerListener.log OS Version:            5.10.102.1-microsoft-standard-WSL2
22-Sep-2022 21:02:58.713 INFO [main] org.apache.catalina.startup.VersionLoggerListener.log Architecture:          amd64
22-Sep-2022 21:02:58.713 INFO [main] org.apache.catalina.startup.VersionLoggerListener.log Java Home:             /usr/lib/jvm/java-11-openjdk-amd64
22-Sep-2022 21:02:58.714 INFO [main] org.apache.catalina.startup.VersionLoggerListener.log JVM Version:           11.0.13+8-Ubuntu-0ubuntu1.20.04
22-Sep-2022 21:02:58.714 INFO [main] org.apache.catalina.startup.VersionLoggerListener.log JVM Vendor:            Ubuntu
22-Sep-2022 21:02:58.714 INFO [main] org.apache.catalina.startup.VersionLoggerListener.log CATALINA_BASE:         /mnt/c/Users/calen/OneDrive/桌面/ServletAttempt/tomcat/apache-tomcat-8.5.82
22-Sep-2022 21:02:58.714 INFO [main] org.apache.catalina.startup.VersionLoggerListener.log CATALINA_HOME:         /mnt/c/Users/calen/OneDrive/桌面/ServletAttempt/tomcat/apache-tomcat-8.5.82
22-Sep-2022 21:02:58.715 INFO [main] org.apache.catalina.startup.VersionLoggerListener.log Command line argument: --add-opens=java.base/java.lang=ALL-UNNAMED
22-Sep-2022 21:02:58.715 INFO [main] org.apache.catalina.startup.VersionLoggerListener.log Command line argument: --add-opens=java.base/java.io=ALL-UNNAMED
22-Sep-2022 21:02:58.715 INFO [main] org.apache.catalina.startup.VersionLoggerListener.log Command line argument: --add-opens=java.base/java.util=ALL-UNNAMED
22-Sep-2022 21:02:58.715 INFO [main] org.apache.catalina.startup.VersionLoggerListener.log Command line argument: --add-opens=java.base/java.util.concurrent=ALL-UNNAMED
22-Sep-2022 21:02:58.715 INFO [main] org.apache.catalina.startup.VersionLoggerListener.log Command line argument: --add-opens=java.rmi/sun.rmi.transport=ALL-UNNAMED
22-Sep-2022 21:02:58.716 INFO [main] org.apache.catalina.startup.VersionLoggerListener.log Command line argument: -Djava.util.logging.config.file=/mnt/c/Users/calen/OneDrive/桌面/ServletAttempt/tomcat/apache-tomcat-8.5.82/conf/logging.properties
22-Sep-2022 21:02:58.716 INFO [main] org.apache.catalina.startup.VersionLoggerListener.log Command line argument: -Djava.util.logging.manager=org.apache.juli.ClassLoaderLogManager
22-Sep-2022 21:02:58.716 INFO [main] org.apache.catalina.startup.VersionLoggerListener.log Command line argument: -Djdk.tls.ephemeralDHKeySize=2048
22-Sep-2022 21:02:58.716 INFO [main] org.apache.catalina.startup.VersionLoggerListener.log Command line argument: -Djava.protocol.handler.pkgs=org.apache.catalina.webresources
22-Sep-2022 21:02:58.716 INFO [main] org.apache.catalina.startup.VersionLoggerListener.log Command line argument: -Dorg.apache.catalina.security.SecurityListener.UMASK=0027
22-Sep-2022 21:02:58.717 INFO [main] org.apache.catalina.startup.VersionLoggerListener.log Command line argument: -Dignore.endorsed.dirs=
22-Sep-2022 21:02:58.717 INFO [main] org.apache.catalina.startup.VersionLoggerListener.log Command line argument: -Dcatalina.base=/mnt/c/Users/calen/OneDrive/桌面/ServletAttempt/tomcat/apache-tomcat-8.5.82
22-Sep-2022 21:02:58.717 INFO [main] org.apache.catalina.startup.VersionLoggerListener.log Command line argument: -Dcatalina.home=/mnt/c/Users/calen/OneDrive/桌面/ServletAttempt/tomcat/apache-tomcat-8.5.82
22-Sep-2022 21:02:58.717 INFO [main] org.apache.catalina.startup.VersionLoggerListener.log Command line argument: -Djava.io.tmpdir=/mnt/c/Users/calen/OneDrive/桌面/ServletAttempt/tomcat/apache-tomcat-8.5.82/temp
22-Sep-2022 21:02:58.717 INFO [main] org.apache.catalina.core.AprLifecycleListener.lifecycleEvent The Apache Tomcat Native library which allows using OpenSSL was not found on the java.library.path: [/usr/java/packages/lib:/usr/lib/x86_64-linux-gnu/jni:/lib/x86_64-linux-gnu:/usr/lib/x86_64-linux-gnu:/usr/lib/jni:/lib:/usr/lib]
22-Sep-2022 21:02:58.783 INFO [main] org.apache.coyote.AbstractProtocol.init Initializing ProtocolHandler ["http-nio-8080"]
22-Sep-2022 21:02:58.803 INFO [main] org.apache.catalina.startup.Catalina.load Initialization processed in 461 ms
22-Sep-2022 21:02:58.853 INFO [main] org.apache.catalina.core.StandardService.startInternal Starting service [Catalina]
22-Sep-2022 21:02:58.853 INFO [main] org.apache.catalina.core.StandardEngine.startInternal Starting Servlet engine: [Apache Tomcat/8.5.82]
22-Sep-2022 21:02:58.880 INFO [localhost-startStop-1] org.apache.catalina.startup.HostConfig.deployDirectory Deploying web application directory [/mnt/c/Users/calen/OneDrive/桌面/ServletAttempt/tomcat/apache-tomcat-8.5.82/webapps/docs]
22-Sep-2022 21:02:59.345 INFO [localhost-startStop-1] org.apache.catalina.startup.HostConfig.deployDirectory Deployment of web application directory [/mnt/c/Users/calen/OneDrive/桌面/ServletAttempt/tomcat/apache-tomcat-8.5.82/webapps/docs] has finished in [464] ms
22-Sep-2022 21:02:59.346 INFO [localhost-startStop-1] org.apache.catalina.startup.HostConfig.deployDirectory Deploying web application directory [/mnt/c/Users/calen/OneDrive/桌面/ServletAttempt/tomcat/apache-tomcat-8.5.82/webapps/examples]
22-Sep-2022 21:03:02.781 INFO [localhost-startStop-1] org.apache.catalina.startup.HostConfig.deployDirectory Deployment of web application directory [/mnt/c/Users/calen/OneDrive/桌面/ServletAttempt/tomcat/apache-tomcat-8.5.82/webapps/examples] has finished in [3,436] ms
22-Sep-2022 21:03:02.781 INFO [localhost-startStop-1] org.apache.catalina.startup.HostConfig.deployDirectory Deploying web application directory [/mnt/c/Users/calen/OneDrive/桌面/ServletAttempt/tomcat/apache-tomcat-8.5.82/webapps/host-manager]
22-Sep-2022 21:03:03.026 INFO [localhost-startStop-1] org.apache.catalina.startup.HostConfig.deployDirectory Deployment of web application directory [/mnt/c/Users/calen/OneDrive/桌面/ServletAttempt/tomcat/apache-tomcat-8.5.82/webapps/host-manager] has finished in [245] ms
22-Sep-2022 21:03:03.027 INFO [localhost-startStop-1] org.apache.catalina.startup.HostConfig.deployDirectory Deploying web application directory [/mnt/c/Users/calen/OneDrive/桌面/ServletAttempt/tomcat/apache-tomcat-8.5.82/webapps/manager]
22-Sep-2022 21:03:03.311 INFO [localhost-startStop-1] org.apache.catalina.startup.HostConfig.deployDirectory Deployment of web application directory [/mnt/c/Users/calen/OneDrive/桌面/ServletAttempt/tomcat/apache-tomcat-8.5.82/webapps/manager] has finished in [283] ms
22-Sep-2022 21:03:03.311 INFO [localhost-startStop-1] org.apache.catalina.startup.HostConfig.deployDirectory Deploying web application directory [/mnt/c/Users/calen/OneDrive/桌面/ServletAttempt/tomcat/apache-tomcat-8.5.82/webapps/ROOT]
22-Sep-2022 21:03:03.520 INFO [localhost-startStop-1] org.apache.catalina.startup.HostConfig.deployDirectory Deployment of web application directory [/mnt/c/Users/calen/OneDrive/桌面/ServletAttempt/tomcat/apache-tomcat-8.5.82/webapps/ROOT] has finished in [209] ms
22-Sep-2022 21:03:03.526 INFO [main] org.apache.coyote.AbstractProtocol.start Starting ProtocolHandler ["http-nio-8080"]
22-Sep-2022 21:03:03.540 INFO [main] org.apache.catalina.startup.Catalina.start Server startup in 4736 ms
NOTE: Picked up JDK_JAVA_OPTIONS:  --add-opens=java.base/java.lang=ALL-UNNAMED --add-opens=java.base/java.io=ALL-UNNAMED --add-opens=java.base/java.util=ALL-UNNAMED --add-opens=java.base/java.util.concurrent=ALL-UNNAMED --add-opens=java.rmi/sun.rmi.transport=ALL-UNNAMED
22-Sep-2022 21:03:24.608 INFO [main] org.apache.catalina.startup.VersionLoggerListener.log Server version name:   Apache Tomcat/8.5.82
22-Sep-2022 21:03:24.611 INFO [main] org.apache.catalina.startup.VersionLoggerListener.log Server built:          Aug 8 2022 21:26:07 UTC
22-Sep-2022 21:03:24.611 INFO [main] org.apache.catalina.startup.VersionLoggerListener.log Server version number: 8.5.82.0
22-Sep-2022 21:03:24.611 INFO [main] org.apache.catalina.startup.VersionLoggerListener.log OS Name:               Linux
22-Sep-2022 21:03:24.611 INFO [main] org.apache.catalina.startup.VersionLoggerListener.log OS Version:            5.10.102.1-microsoft-standard-WSL2
22-Sep-2022 21:03:24.612 INFO [main] org.apache.catalina.startup.VersionLoggerListener.log Architecture:          amd64
22-Sep-2022 21:03:24.612 INFO [main] org.apache.catalina.startup.VersionLoggerListener.log Java Home:             /usr/lib/jvm/java-11-openjdk-amd64
22-Sep-2022 21:03:24.612 INFO [main] org.apache.catalina.startup.VersionLoggerListener.log JVM Version:           11.0.13+8-Ubuntu-0ubuntu1.20.04
22-Sep-2022 21:03:24.612 INFO [main] org.apache.catalina.startup.VersionLoggerListener.log JVM Vendor:            Ubuntu
22-Sep-2022 21:03:24.612 INFO [main] org.apache.catalina.startup.VersionLoggerListener.log CATALINA_BASE:         /mnt/c/Users/calen/OneDrive/桌面/ServletAttempt/tomcat/apache-tomcat-8.5.82
22-Sep-2022 21:03:24.612 INFO [main] org.apache.catalina.startup.VersionLoggerListener.log CATALINA_HOME:         /mnt/c/Users/calen/OneDrive/桌面/ServletAttempt/tomcat/apache-tomcat-8.5.82
22-Sep-2022 21:03:24.613 INFO [main] org.apache.catalina.startup.VersionLoggerListener.log Command line argument: --add-opens=java.base/java.lang=ALL-UNNAMED
22-Sep-2022 21:03:24.613 INFO [main] org.apache.catalina.startup.VersionLoggerListener.log Command line argument: --add-opens=java.base/java.io=ALL-UNNAMED
22-Sep-2022 21:03:24.613 INFO [main] org.apache.catalina.startup.VersionLoggerListener.log Command line argument: --add-opens=java.base/java.util=ALL-UNNAMED
22-Sep-2022 21:03:24.613 INFO [main] org.apache.catalina.startup.VersionLoggerListener.log Command line argument: --add-opens=java.base/java.util.concurrent=ALL-UNNAMED
22-Sep-2022 21:03:24.613 INFO [main] org.apache.catalina.startup.VersionLoggerListener.log Command line argument: --add-opens=java.rmi/sun.rmi.transport=ALL-UNNAMED
22-Sep-2022 21:03:24.614 INFO [main] org.apache.catalina.startup.VersionLoggerListener.log Command line argument: -Djava.util.logging.config.file=/mnt/c/Users/calen/OneDrive/桌面/ServletAttempt/tomcat/apache-tomcat-8.5.82/conf/logging.properties
22-Sep-2022 21:03:24.614 INFO [main] org.apache.catalina.startup.VersionLoggerListener.log Command line argument: -Djava.util.logging.manager=org.apache.juli.ClassLoaderLogManager
22-Sep-2022 21:03:24.614 INFO [main] org.apache.catalina.startup.VersionLoggerListener.log Command line argument: -Djdk.tls.ephemeralDHKeySize=2048
22-Sep-2022 21:03:24.614 INFO [main] org.apache.catalina.startup.VersionLoggerListener.log Command line argument: -Djava.protocol.handler.pkgs=org.apache.catalina.webresources
22-Sep-2022 21:03:24.614 INFO [main] org.apache.catalina.startup.VersionLoggerListener.log Command line argument: -Dorg.apache.catalina.security.SecurityListener.UMASK=0027
22-Sep-2022 21:03:24.615 INFO [main] org.apache.catalina.startup.VersionLoggerListener.log Command line argument: -Dignore.endorsed.dirs=
22-Sep-2022 21:03:24.615 INFO [main] org.apache.catalina.startup.VersionLoggerListener.log Command line argument: -Dcatalina.base=/mnt/c/Users/calen/OneDrive/桌面/ServletAttempt/tomcat/apache-tomcat-8.5.82
22-Sep-2022 21:03:24.615 INFO [main] org.apache.catalina.startup.VersionLoggerListener.log Command line argument: -Dcatalina.home=/mnt/c/Users/calen/OneDrive/桌面/ServletAttempt/tomcat/apache-tomcat-8.5.82
22-Sep-2022 21:03:24.615 INFO [main] org.apache.catalina.startup.VersionLoggerListener.log Command line argument: -Djava.io.tmpdir=/mnt/c/Users/calen/OneDrive/桌面/ServletAttempt/tomcat/apache-tomcat-8.5.82/temp
22-Sep-2022 21:03:24.615 INFO [main] org.apache.catalina.core.AprLifecycleListener.lifecycleEvent The Apache Tomcat Native library which allows using OpenSSL was not found on the java.library.path: [/usr/java/packages/lib:/usr/lib/x86_64-linux-gnu/jni:/lib/x86_64-linux-gnu:/usr/lib/x86_64-linux-gnu:/usr/lib/jni:/lib:/usr/lib]
22-Sep-2022 21:03:24.678 INFO [main] org.apache.coyote.AbstractProtocol.init Initializing ProtocolHandler ["http-nio-8080"]
22-Sep-2022 21:03:24.688 SEVERE [main] org.apache.catalina.core.StandardService.initInternal Failed to initialize connector [Connector[HTTP/1.1-8080]]
	org.apache.catalina.LifecycleException: Protocol handler initialization failed
		at org.apache.catalina.connector.Connector.initInternal(Connector.java:1115)
		at org.apache.catalina.util.LifecycleBase.init(LifecycleBase.java:136)
		at org.apache.catalina.core.StandardService.initInternal(StandardService.java:571)
		at org.apache.catalina.util.LifecycleBase.init(LifecycleBase.java:136)
		at org.apache.catalina.core.StandardServer.initInternal(StandardServer.java:874)
		at org.apache.catalina.util.LifecycleBase.init(LifecycleBase.java:136)
		at org.apache.catalina.startup.Catalina.load(Catalina.java:646)
		at org.apache.catalina.startup.Catalina.load(Catalina.java:669)
		at java.base/jdk.internal.reflect.NativeMethodAccessorImpl.invoke0(Native Method)
		at java.base/jdk.internal.reflect.NativeMethodAccessorImpl.invoke(NativeMethodAccessorImpl.java:62)
		at java.base/jdk.internal.reflect.DelegatingMethodAccessorImpl.invoke(DelegatingMethodAccessorImpl.java:43)
		at java.base/java.lang.reflect.Method.invoke(Method.java:566)
		at org.apache.catalina.startup.Bootstrap.load(Bootstrap.java:305)
		at org.apache.catalina.startup.Bootstrap.main(Bootstrap.java:475)
	Caused by: java.net.BindException: Address already in use
		at java.base/sun.nio.ch.Net.bind0(Native Method)
		at java.base/sun.nio.ch.Net.bind(Net.java:455)
		at java.base/sun.nio.ch.Net.bind(Net.java:447)
		at java.base/sun.nio.ch.ServerSocketChannelImpl.bind(ServerSocketChannelImpl.java:227)
		at java.base/sun.nio.ch.ServerSocketAdaptor.bind(ServerSocketAdaptor.java:80)
		at org.apache.tomcat.util.net.NioEndpoint.initServerSocket(NioEndpoint.java:225)
		at org.apache.tomcat.util.net.NioEndpoint.bind(NioEndpoint.java:201)
		at org.apache.tomcat.util.net.AbstractEndpoint.bindWithCleanup(AbstractEndpoint.java:1221)
		at org.apache.tomcat.util.net.AbstractEndpoint.init(AbstractEndpoint.java:1234)
		at org.apache.tomcat.util.net.AbstractJsseEndpoint.init(AbstractJsseEndpoint.java:230)
		at org.apache.coyote.AbstractProtocol.init(AbstractProtocol.java:633)
		at org.apache.coyote.http11.AbstractHttp11Protocol.init(AbstractHttp11Protocol.java:80)
		at org.apache.catalina.connector.Connector.initInternal(Connector.java:1112)
		... 13 more
22-Sep-2022 21:03:24.689 INFO [main] org.apache.catalina.startup.Catalina.load Initialization processed in 425 ms
22-Sep-2022 21:03:24.733 INFO [main] org.apache.catalina.core.StandardService.startInternal Starting service [Catalina]
22-Sep-2022 21:03:24.733 INFO [main] org.apache.catalina.core.StandardEngine.startInternal Starting Servlet engine: [Apache Tomcat/8.5.82]
22-Sep-2022 21:03:24.755 INFO [localhost-startStop-1] org.apache.catalina.startup.HostConfig.deployDirectory Deploying web application directory [/mnt/c/Users/calen/OneDrive/桌面/ServletAttempt/tomcat/apache-tomcat-8.5.82/webapps/docs]
22-Sep-2022 21:03:25.186 INFO [localhost-startStop-1] org.apache.catalina.startup.HostConfig.deployDirectory Deployment of web application directory [/mnt/c/Users/calen/OneDrive/桌面/ServletAttempt/tomcat/apache-tomcat-8.5.82/webapps/docs] has finished in [431] ms
22-Sep-2022 21:03:25.186 INFO [localhost-startStop-1] org.apache.catalina.startup.HostConfig.deployDirectory Deploying web application directory [/mnt/c/Users/calen/OneDrive/桌面/ServletAttempt/tomcat/apache-tomcat-8.5.82/webapps/examples]
22-Sep-2022 21:03:28.943 INFO [localhost-startStop-1] org.apache.catalina.startup.HostConfig.deployDirectory Deployment of web application directory [/mnt/c/Users/calen/OneDrive/桌面/ServletAttempt/tomcat/apache-tomcat-8.5.82/webapps/examples] has finished in [3,757] ms
22-Sep-2022 21:03:28.943 INFO [localhost-startStop-1] org.apache.catalina.startup.HostConfig.deployDirectory Deploying web application directory [/mnt/c/Users/calen/OneDrive/桌面/ServletAttempt/tomcat/apache-tomcat-8.5.82/webapps/host-manager]
22-Sep-2022 21:03:29.165 INFO [localhost-startStop-1] org.apache.catalina.startup.HostConfig.deployDirectory Deployment of web application directory [/mnt/c/Users/calen/OneDrive/桌面/ServletAttempt/tomcat/apache-tomcat-8.5.82/webapps/host-manager] has finished in [222] ms
22-Sep-2022 21:03:29.165 INFO [localhost-startStop-1] org.apache.catalina.startup.HostConfig.deployDirectory Deploying web application directory [/mnt/c/Users/calen/OneDrive/桌面/ServletAttempt/tomcat/apache-tomcat-8.5.82/webapps/manager]
22-Sep-2022 21:03:29.423 INFO [localhost-startStop-1] org.apache.catalina.startup.HostConfig.deployDirectory Deployment of web application directory [/mnt/c/Users/calen/OneDrive/桌面/ServletAttempt/tomcat/apache-tomcat-8.5.82/webapps/manager] has finished in [257] ms
22-Sep-2022 21:03:29.423 INFO [localhost-startStop-1] org.apache.catalina.startup.HostConfig.deployDirectory Deploying web application directory [/mnt/c/Users/calen/OneDrive/桌面/ServletAttempt/tomcat/apache-tomcat-8.5.82/webapps/ROOT]
22-Sep-2022 21:03:29.594 INFO [localhost-startStop-1] org.apache.catalina.startup.HostConfig.deployDirectory Deployment of web application directory [/mnt/c/Users/calen/OneDrive/桌面/ServletAttempt/tomcat/apache-tomcat-8.5.82/webapps/ROOT] has finished in [171] ms
22-Sep-2022 21:03:29.600 INFO [main] org.apache.catalina.startup.Catalina.start Server startup in 4910 ms
22-Sep-2022 21:03:29.601 SEVERE [main] org.apache.catalina.core.StandardServer.await Failed to create server shutdown socket on address [localhost] and port [8005] (base port [8005] and offset [0])
	java.net.BindException: Address already in use (Bind failed)
		at java.base/java.net.PlainSocketImpl.socketBind(Native Method)
		at java.base/java.net.AbstractPlainSocketImpl.bind(AbstractPlainSocketImpl.java:436)
		at java.base/java.net.ServerSocket.bind(ServerSocket.java:395)
		at java.base/java.net.ServerSocket.<init>(ServerSocket.java:257)
		at org.apache.catalina.core.StandardServer.await(StandardServer.java:446)
		at org.apache.catalina.startup.Catalina.await(Catalina.java:783)
		at org.apache.catalina.startup.Catalina.start(Catalina.java:729)
		at java.base/jdk.internal.reflect.NativeMethodAccessorImpl.invoke0(Native Method)
		at java.base/jdk.internal.reflect.NativeMethodAccessorImpl.invoke(NativeMethodAccessorImpl.java:62)
		at java.base/jdk.internal.reflect.DelegatingMethodAccessorImpl.invoke(DelegatingMethodAccessorImpl.java:43)
		at java.base/java.lang.reflect.Method.invoke(Method.java:566)
		at org.apache.catalina.startup.Bootstrap.start(Bootstrap.java:345)
		at org.apache.catalina.startup.Bootstrap.main(Bootstrap.java:476)
22-Sep-2022 21:03:29.602 INFO [main] org.apache.coyote.AbstractProtocol.pause Pausing ProtocolHandler ["http-nio-8080"]
22-Sep-2022 21:03:29.602 INFO [main] org.apache.catalina.core.StandardService.stopInternal Stopping service [Catalina]
22-Sep-2022 21:03:29.625 INFO [main] org.apache.coyote.AbstractProtocol.stop Stopping ProtocolHandler ["http-nio-8080"]
22-Sep-2022 21:03:29.626 INFO [main] org.apache.coyote.AbstractProtocol.destroy Destroying ProtocolHandler ["http-nio-8080"]
22-Sep-2022 21:04:18.732 INFO [main] org.apache.catalina.core.StandardServer.await A valid shutdown command was received via the shutdown port. Stopping the Server instance.
22-Sep-2022 21:04:18.732 INFO [main] org.apache.coyote.AbstractProtocol.pause Pausing ProtocolHandler ["http-nio-8080"]
22-Sep-2022 21:04:18.734 INFO [main] org.apache.catalina.core.StandardService.stopInternal Stopping service [Catalina]
22-Sep-2022 21:04:18.768 INFO [main] org.apache.coyote.AbstractProtocol.stop Stopping ProtocolHandler ["http-nio-8080"]
22-Sep-2022 21:04:18.778 INFO [main] org.apache.coyote.AbstractProtocol.destroy Destroying ProtocolHandler ["http-nio-8080"]
NOTE: Picked up JDK_JAVA_OPTIONS:  --add-opens=java.base/java.lang=ALL-UNNAMED --add-opens=java.base/java.io=ALL-UNNAMED --add-opens=java.base/java.util=ALL-UNNAMED --add-opens=java.base/java.util.concurrent=ALL-UNNAMED --add-opens=java.rmi/sun.rmi.transport=ALL-UNNAMED
22-Sep-2022 21:04:30.064 INFO [main] org.apache.catalina.startup.VersionLoggerListener.log Server version name:   Apache Tomcat/8.5.82
22-Sep-2022 21:04:30.067 INFO [main] org.apache.catalina.startup.VersionLoggerListener.log Server built:          Aug 8 2022 21:26:07 UTC
22-Sep-2022 21:04:30.067 INFO [main] org.apache.catalina.startup.VersionLoggerListener.log Server version number: 8.5.82.0
22-Sep-2022 21:04:30.067 INFO [main] org.apache.catalina.startup.VersionLoggerListener.log OS Name:               Linux
22-Sep-2022 21:04:30.068 INFO [main] org.apache.catalina.startup.VersionLoggerListener.log OS Version:            5.10.102.1-microsoft-standard-WSL2
22-Sep-2022 21:04:30.068 INFO [main] org.apache.catalina.startup.VersionLoggerListener.log Architecture:          amd64
22-Sep-2022 21:04:30.068 INFO [main] org.apache.catalina.startup.VersionLoggerListener.log Java Home:             /usr/lib/jvm/java-11-openjdk-amd64
22-Sep-2022 21:04:30.068 INFO [main] org.apache.catalina.startup.VersionLoggerListener.log JVM Version:           11.0.13+8-Ubuntu-0ubuntu1.20.04
22-Sep-2022 21:04:30.068 INFO [main] org.apache.catalina.startup.VersionLoggerListener.log JVM Vendor:            Ubuntu
22-Sep-2022 21:04:30.069 INFO [main] org.apache.catalina.startup.VersionLoggerListener.log CATALINA_BASE:         /mnt/c/Users/calen/OneDrive/桌面/ServletAttempt/tomcat/apache-tomcat-8.5.82
22-Sep-2022 21:04:30.069 INFO [main] org.apache.catalina.startup.VersionLoggerListener.log CATALINA_HOME:         /mnt/c/Users/calen/OneDrive/桌面/ServletAttempt/tomcat/apache-tomcat-8.5.82
22-Sep-2022 21:04:30.069 INFO [main] org.apache.catalina.startup.VersionLoggerListener.log Command line argument: --add-opens=java.base/java.lang=ALL-UNNAMED
22-Sep-2022 21:04:30.069 INFO [main] org.apache.catalina.startup.VersionLoggerListener.log Command line argument: --add-opens=java.base/java.io=ALL-UNNAMED
22-Sep-2022 21:04:30.070 INFO [main] org.apache.catalina.startup.VersionLoggerListener.log Command line argument: --add-opens=java.base/java.util=ALL-UNNAMED
22-Sep-2022 21:04:30.070 INFO [main] org.apache.catalina.startup.VersionLoggerListener.log Command line argument: --add-opens=java.base/java.util.concurrent=ALL-UNNAMED
22-Sep-2022 21:04:30.070 INFO [main] org.apache.catalina.startup.VersionLoggerListener.log Command line argument: --add-opens=java.rmi/sun.rmi.transport=ALL-UNNAMED
22-Sep-2022 21:04:30.070 INFO [main] org.apache.catalina.startup.VersionLoggerListener.log Command line argument: -Djava.util.logging.config.file=/mnt/c/Users/calen/OneDrive/桌面/ServletAttempt/tomcat/apache-tomcat-8.5.82/conf/logging.properties
22-Sep-2022 21:04:30.070 INFO [main] org.apache.catalina.startup.VersionLoggerListener.log Command line argument: -Djava.util.logging.manager=org.apache.juli.ClassLoaderLogManager
22-Sep-2022 21:04:30.071 INFO [main] org.apache.catalina.startup.VersionLoggerListener.log Command line argument: -Djdk.tls.ephemeralDHKeySize=2048
22-Sep-2022 21:04:30.071 INFO [main] org.apache.catalina.startup.VersionLoggerListener.log Command line argument: -Djava.protocol.handler.pkgs=org.apache.catalina.webresources
22-Sep-2022 21:04:30.071 INFO [main] org.apache.catalina.startup.VersionLoggerListener.log Command line argument: -Dorg.apache.catalina.security.SecurityListener.UMASK=0027
22-Sep-2022 21:04:30.071 INFO [main] org.apache.catalina.startup.VersionLoggerListener.log Command line argument: -Dignore.endorsed.dirs=
22-Sep-2022 21:04:30.071 INFO [main] org.apache.catalina.startup.VersionLoggerListener.log Command line argument: -Dcatalina.base=/mnt/c/Users/calen/OneDrive/桌面/ServletAttempt/tomcat/apache-tomcat-8.5.82
22-Sep-2022 21:04:30.072 INFO [main] org.apache.catalina.startup.VersionLoggerListener.log Command line argument: -Dcatalina.home=/mnt/c/Users/calen/OneDrive/桌面/ServletAttempt/tomcat/apache-tomcat-8.5.82
22-Sep-2022 21:04:30.072 INFO [main] org.apache.catalina.startup.VersionLoggerListener.log Command line argument: -Djava.io.tmpdir=/mnt/c/Users/calen/OneDrive/桌面/ServletAttempt/tomcat/apache-tomcat-8.5.82/temp
22-Sep-2022 21:04:30.072 INFO [main] org.apache.catalina.core.AprLifecycleListener.lifecycleEvent The Apache Tomcat Native library which allows using OpenSSL was not found on the java.library.path: [/usr/java/packages/lib:/usr/lib/x86_64-linux-gnu/jni:/lib/x86_64-linux-gnu:/usr/lib/x86_64-linux-gnu:/usr/lib/jni:/lib:/usr/lib]
22-Sep-2022 21:04:30.138 INFO [main] org.apache.coyote.AbstractProtocol.init Initializing ProtocolHandler ["http-nio-8080"]
22-Sep-2022 21:04:30.153 INFO [main] org.apache.catalina.startup.Catalina.load Initialization processed in 421 ms
22-Sep-2022 21:04:30.199 INFO [main] org.apache.catalina.core.StandardService.startInternal Starting service [Catalina]
22-Sep-2022 21:04:30.200 INFO [main] org.apache.catalina.core.StandardEngine.startInternal Starting Servlet engine: [Apache Tomcat/8.5.82]
22-Sep-2022 21:04:30.224 INFO [localhost-startStop-1] org.apache.catalina.startup.HostConfig.deployDirectory Deploying web application directory [/mnt/c/Users/calen/OneDrive/桌面/ServletAttempt/tomcat/apache-tomcat-8.5.82/webapps/docs]
22-Sep-2022 21:04:30.711 INFO [localhost-startStop-1] org.apache.catalina.startup.HostConfig.deployDirectory Deployment of web application directory [/mnt/c/Users/calen/OneDrive/桌面/ServletAttempt/tomcat/apache-tomcat-8.5.82/webapps/docs] has finished in [487] ms
22-Sep-2022 21:04:30.712 INFO [localhost-startStop-1] org.apache.catalina.startup.HostConfig.deployDirectory Deploying web application directory [/mnt/c/Users/calen/OneDrive/桌面/ServletAttempt/tomcat/apache-tomcat-8.5.82/webapps/examples]
22-Sep-2022 21:04:34.541 INFO [localhost-startStop-1] org.apache.catalina.startup.HostConfig.deployDirectory Deployment of web application directory [/mnt/c/Users/calen/OneDrive/桌面/ServletAttempt/tomcat/apache-tomcat-8.5.82/webapps/examples] has finished in [3,829] ms
22-Sep-2022 21:04:34.541 INFO [localhost-startStop-1] org.apache.catalina.startup.HostConfig.deployDirectory Deploying web application directory [/mnt/c/Users/calen/OneDrive/桌面/ServletAttempt/tomcat/apache-tomcat-8.5.82/webapps/host-manager]
22-Sep-2022 21:04:34.788 INFO [localhost-startStop-1] org.apache.catalina.startup.HostConfig.deployDirectory Deployment of web application directory [/mnt/c/Users/calen/OneDrive/桌面/ServletAttempt/tomcat/apache-tomcat-8.5.82/webapps/host-manager] has finished in [246] ms
22-Sep-2022 21:04:34.788 INFO [localhost-startStop-1] org.apache.catalina.startup.HostConfig.deployDirectory Deploying web application directory [/mnt/c/Users/calen/OneDrive/桌面/ServletAttempt/tomcat/apache-tomcat-8.5.82/webapps/manager]
22-Sep-2022 21:04:35.061 INFO [localhost-startStop-1] org.apache.catalina.startup.HostConfig.deployDirectory Deployment of web application directory [/mnt/c/Users/calen/OneDrive/桌面/ServletAttempt/tomcat/apache-tomcat-8.5.82/webapps/manager] has finished in [273] ms
22-Sep-2022 21:04:35.062 INFO [localhost-startStop-1] org.apache.catalina.startup.HostConfig.deployDirectory Deploying web application directory [/mnt/c/Users/calen/OneDrive/桌面/ServletAttempt/tomcat/apache-tomcat-8.5.82/webapps/ROOT]
22-Sep-2022 21:04:35.275 INFO [localhost-startStop-1] org.apache.catalina.startup.HostConfig.deployDirectory Deployment of web application directory [/mnt/c/Users/calen/OneDrive/桌面/ServletAttempt/tomcat/apache-tomcat-8.5.82/webapps/ROOT] has finished in [213] ms
22-Sep-2022 21:04:35.280 INFO [main] org.apache.coyote.AbstractProtocol.start Starting ProtocolHandler ["http-nio-8080"]
22-Sep-2022 21:04:35.293 INFO [main] org.apache.catalina.startup.Catalina.start Server startup in 5139 ms
22-Sep-2022 21:06:53.678 INFO [main] org.apache.catalina.core.StandardServer.await A valid shutdown command was received via the shutdown port. Stopping the Server instance.
22-Sep-2022 21:06:53.679 INFO [main] org.apache.coyote.AbstractProtocol.pause Pausing ProtocolHandler ["http-nio-8080"]
22-Sep-2022 21:06:53.681 INFO [main] org.apache.catalina.core.StandardService.stopInternal Stopping service [Catalina]
22-Sep-2022 21:06:53.713 INFO [main] org.apache.coyote.AbstractProtocol.stop Stopping ProtocolHandler ["http-nio-8080"]
22-Sep-2022 21:06:53.724 INFO [main] org.apache.coyote.AbstractProtocol.destroy Destroying ProtocolHandler ["http-nio-8080"]
NOTE: Picked up JDK_JAVA_OPTIONS:  --add-opens=java.base/java.lang=ALL-UNNAMED --add-opens=java.base/java.io=ALL-UNNAMED --add-opens=java.base/java.util=ALL-UNNAMED --add-opens=java.base/java.util.concurrent=ALL-UNNAMED --add-opens=java.rmi/sun.rmi.transport=ALL-UNNAMED
22-Sep-2022 21:08:48.802 INFO [main] org.apache.catalina.startup.VersionLoggerListener.log Server version name:   Apache Tomcat/8.5.82
22-Sep-2022 21:08:48.804 INFO [main] org.apache.catalina.startup.VersionLoggerListener.log Server built:          Aug 8 2022 21:26:07 UTC
22-Sep-2022 21:08:48.804 INFO [main] org.apache.catalina.startup.VersionLoggerListener.log Server version number: 8.5.82.0
22-Sep-2022 21:08:48.804 INFO [main] org.apache.catalina.startup.VersionLoggerListener.log OS Name:               Linux
22-Sep-2022 21:08:48.805 INFO [main] org.apache.catalina.startup.VersionLoggerListener.log OS Version:            5.10.102.1-microsoft-standard-WSL2
22-Sep-2022 21:08:48.805 INFO [main] org.apache.catalina.startup.VersionLoggerListener.log Architecture:          amd64
22-Sep-2022 21:08:48.805 INFO [main] org.apache.catalina.startup.VersionLoggerListener.log Java Home:             /usr/lib/jvm/java-11-openjdk-amd64
22-Sep-2022 21:08:48.805 INFO [main] org.apache.catalina.startup.VersionLoggerListener.log JVM Version:           11.0.13+8-Ubuntu-0ubuntu1.20.04
22-Sep-2022 21:08:48.805 INFO [main] org.apache.catalina.startup.VersionLoggerListener.log JVM Vendor:            Ubuntu
22-Sep-2022 21:08:48.806 INFO [main] org.apache.catalina.startup.VersionLoggerListener.log CATALINA_BASE:         /mnt/c/Users/calen/OneDrive/桌面/ServletAttempt/tomcat/apache-tomcat-8.5.82
22-Sep-2022 21:08:48.806 INFO [main] org.apache.catalina.startup.VersionLoggerListener.log CATALINA_HOME:         /mnt/c/Users/calen/OneDrive/桌面/ServletAttempt/tomcat/apache-tomcat-8.5.82
22-Sep-2022 21:08:48.806 INFO [main] org.apache.catalina.startup.VersionLoggerListener.log Command line argument: --add-opens=java.base/java.lang=ALL-UNNAMED
22-Sep-2022 21:08:48.806 INFO [main] org.apache.catalina.startup.VersionLoggerListener.log Command line argument: --add-opens=java.base/java.io=ALL-UNNAMED
22-Sep-2022 21:08:48.807 INFO [main] org.apache.catalina.startup.VersionLoggerListener.log Command line argument: --add-opens=java.base/java.util=ALL-UNNAMED
22-Sep-2022 21:08:48.807 INFO [main] org.apache.catalina.startup.VersionLoggerListener.log Command line argument: --add-opens=java.base/java.util.concurrent=ALL-UNNAMED
22-Sep-2022 21:08:48.807 INFO [main] org.apache.catalina.startup.VersionLoggerListener.log Command line argument: --add-opens=java.rmi/sun.rmi.transport=ALL-UNNAMED
22-Sep-2022 21:08:48.807 INFO [main] org.apache.catalina.startup.VersionLoggerListener.log Command line argument: -Djava.util.logging.config.file=/mnt/c/Users/calen/OneDrive/桌面/ServletAttempt/tomcat/apache-tomcat-8.5.82/conf/logging.properties
22-Sep-2022 21:08:48.807 INFO [main] org.apache.catalina.startup.VersionLoggerListener.log Command line argument: -Djava.util.logging.manager=org.apache.juli.ClassLoaderLogManager
22-Sep-2022 21:08:48.807 INFO [main] org.apache.catalina.startup.VersionLoggerListener.log Command line argument: -Djdk.tls.ephemeralDHKeySize=2048
22-Sep-2022 21:08:48.808 INFO [main] org.apache.catalina.startup.VersionLoggerListener.log Command line argument: -Djava.protocol.handler.pkgs=org.apache.catalina.webresources
22-Sep-2022 21:08:48.808 INFO [main] org.apache.catalina.startup.VersionLoggerListener.log Command line argument: -Dorg.apache.catalina.security.SecurityListener.UMASK=0027
22-Sep-2022 21:08:48.808 INFO [main] org.apache.catalina.startup.VersionLoggerListener.log Command line argument: -Dignore.endorsed.dirs=
22-Sep-2022 21:08:48.808 INFO [main] org.apache.catalina.startup.VersionLoggerListener.log Command line argument: -Dcatalina.base=/mnt/c/Users/calen/OneDrive/桌面/ServletAttempt/tomcat/apache-tomcat-8.5.82
22-Sep-2022 21:08:48.809 INFO [main] org.apache.catalina.startup.VersionLoggerListener.log Command line argument: -Dcatalina.home=/mnt/c/Users/calen/OneDrive/桌面/ServletAttempt/tomcat/apache-tomcat-8.5.82
22-Sep-2022 21:08:48.809 INFO [main] org.apache.catalina.startup.VersionLoggerListener.log Command line argument: -Djava.io.tmpdir=/mnt/c/Users/calen/OneDrive/桌面/ServletAttempt/tomcat/apache-tomcat-8.5.82/temp
22-Sep-2022 21:08:48.809 INFO [main] org.apache.catalina.core.AprLifecycleListener.lifecycleEvent The Apache Tomcat Native library which allows using OpenSSL was not found on the java.library.path: [/usr/java/packages/lib:/usr/lib/x86_64-linux-gnu/jni:/lib/x86_64-linux-gnu:/usr/lib/x86_64-linux-gnu:/usr/lib/jni:/lib:/usr/lib]
22-Sep-2022 21:08:48.869 INFO [main] org.apache.coyote.AbstractProtocol.init Initializing ProtocolHandler ["http-nio-8080"]
22-Sep-2022 21:08:48.885 INFO [main] org.apache.catalina.startup.Catalina.load Initialization processed in 419 ms
22-Sep-2022 21:08:48.929 INFO [main] org.apache.catalina.core.StandardService.startInternal Starting service [Catalina]
22-Sep-2022 21:08:48.929 INFO [main] org.apache.catalina.core.StandardEngine.startInternal Starting Servlet engine: [Apache Tomcat/8.5.82]
22-Sep-2022 21:08:48.950 INFO [localhost-startStop-1] org.apache.catalina.startup.HostConfig.deployDirectory Deploying web application directory [/mnt/c/Users/calen/OneDrive/桌面/ServletAttempt/tomcat/apache-tomcat-8.5.82/webapps/docs]
22-Sep-2022 21:08:49.348 INFO [localhost-startStop-1] org.apache.catalina.startup.HostConfig.deployDirectory Deployment of web application directory [/mnt/c/Users/calen/OneDrive/桌面/ServletAttempt/tomcat/apache-tomcat-8.5.82/webapps/docs] has finished in [397] ms
22-Sep-2022 21:08:49.348 INFO [localhost-startStop-1] org.apache.catalina.startup.HostConfig.deployDirectory Deploying web application directory [/mnt/c/Users/calen/OneDrive/桌面/ServletAttempt/tomcat/apache-tomcat-8.5.82/webapps/examples]
22-Sep-2022 21:08:52.780 INFO [localhost-startStop-1] org.apache.catalina.startup.HostConfig.deployDirectory Deployment of web application directory [/mnt/c/Users/calen/OneDrive/桌面/ServletAttempt/tomcat/apache-tomcat-8.5.82/webapps/examples] has finished in [3,432] ms
22-Sep-2022 21:08:52.781 INFO [localhost-startStop-1] org.apache.catalina.startup.HostConfig.deployDirectory Deploying web application directory [/mnt/c/Users/calen/OneDrive/桌面/ServletAttempt/tomcat/apache-tomcat-8.5.82/webapps/host-manager]
22-Sep-2022 21:08:53.018 INFO [localhost-startStop-1] org.apache.catalina.startup.HostConfig.deployDirectory Deployment of web application directory [/mnt/c/Users/calen/OneDrive/桌面/ServletAttempt/tomcat/apache-tomcat-8.5.82/webapps/host-manager] has finished in [237] ms
22-Sep-2022 21:08:53.019 INFO [localhost-startStop-1] org.apache.catalina.startup.HostConfig.deployDirectory Deploying web application directory [/mnt/c/Users/calen/OneDrive/桌面/ServletAttempt/tomcat/apache-tomcat-8.5.82/webapps/manager]
22-Sep-2022 21:08:53.272 INFO [localhost-startStop-1] org.apache.catalina.startup.HostConfig.deployDirectory Deployment of web application directory [/mnt/c/Users/calen/OneDrive/桌面/ServletAttempt/tomcat/apache-tomcat-8.5.82/webapps/manager] has finished in [253] ms
22-Sep-2022 21:08:53.272 INFO [localhost-startStop-1] org.apache.catalina.startup.HostConfig.deployDirectory Deploying web application directory [/mnt/c/Users/calen/OneDrive/桌面/ServletAttempt/tomcat/apache-tomcat-8.5.82/webapps/root]
22-Sep-2022 21:08:53.490 INFO [localhost-startStop-1] org.apache.catalina.startup.HostConfig.deployDirectory Deployment of web application directory [/mnt/c/Users/calen/OneDrive/桌面/ServletAttempt/tomcat/apache-tomcat-8.5.82/webapps/root] has finished in [218] ms
22-Sep-2022 21:08:53.494 INFO [main] org.apache.coyote.AbstractProtocol.start Starting ProtocolHandler ["http-nio-8080"]
22-Sep-2022 21:08:53.507 INFO [main] org.apache.catalina.startup.Catalina.start Server startup in 4621 ms
22-Sep-2022 21:11:36.776 INFO [main] org.apache.catalina.core.StandardServer.await A valid shutdown command was received via the shutdown port. Stopping the Server instance.
22-Sep-2022 21:11:36.777 INFO [main] org.apache.coyote.AbstractProtocol.pause Pausing ProtocolHandler ["http-nio-8080"]
22-Sep-2022 21:11:36.778 INFO [main] org.apache.catalina.core.StandardService.stopInternal Stopping service [Catalina]
22-Sep-2022 21:11:36.813 INFO [main] org.apache.coyote.AbstractProtocol.stop Stopping ProtocolHandler ["http-nio-8080"]
22-Sep-2022 21:11:36.822 INFO [main] org.apache.coyote.AbstractProtocol.destroy Destroying ProtocolHandler ["http-nio-8080"]
NOTE: Picked up JDK_JAVA_OPTIONS:  --add-opens=java.base/java.lang=ALL-UNNAMED --add-opens=java.base/java.io=ALL-UNNAMED --add-opens=java.base/java.util=ALL-UNNAMED --add-opens=java.base/java.util.concurrent=ALL-UNNAMED --add-opens=java.rmi/sun.rmi.transport=ALL-UNNAMED
22-Sep-2022 21:12:14.066 INFO [main] org.apache.catalina.startup.VersionLoggerListener.log Server version name:   Apache Tomcat/8.5.82
22-Sep-2022 21:12:14.069 INFO [main] org.apache.catalina.startup.VersionLoggerListener.log Server built:          Aug 8 2022 21:26:07 UTC
22-Sep-2022 21:12:14.070 INFO [main] org.apache.catalina.startup.VersionLoggerListener.log Server version number: 8.5.82.0
22-Sep-2022 21:12:14.070 INFO [main] org.apache.catalina.startup.VersionLoggerListener.log OS Name:               Linux
22-Sep-2022 21:12:14.071 INFO [main] org.apache.catalina.startup.VersionLoggerListener.log OS Version:            5.10.102.1-microsoft-standard-WSL2
22-Sep-2022 21:12:14.071 INFO [main] org.apache.catalina.startup.VersionLoggerListener.log Architecture:          amd64
22-Sep-2022 21:12:14.071 INFO [main] org.apache.catalina.startup.VersionLoggerListener.log Java Home:             /usr/lib/jvm/java-11-openjdk-amd64
22-Sep-2022 21:12:14.072 INFO [main] org.apache.catalina.startup.VersionLoggerListener.log JVM Version:           11.0.13+8-Ubuntu-0ubuntu1.20.04
22-Sep-2022 21:12:14.072 INFO [main] org.apache.catalina.startup.VersionLoggerListener.log JVM Vendor:            Ubuntu
22-Sep-2022 21:12:14.072 INFO [main] org.apache.catalina.startup.VersionLoggerListener.log CATALINA_BASE:         /mnt/c/Users/calen/OneDrive/桌面/ServletAttempt/tomcat/apache-tomcat-8.5.82
22-Sep-2022 21:12:14.072 INFO [main] org.apache.catalina.startup.VersionLoggerListener.log CATALINA_HOME:         /mnt/c/Users/calen/OneDrive/桌面/ServletAttempt/tomcat/apache-tomcat-8.5.82
22-Sep-2022 21:12:14.073 INFO [main] org.apache.catalina.startup.VersionLoggerListener.log Command line argument: --add-opens=java.base/java.lang=ALL-UNNAMED
22-Sep-2022 21:12:14.073 INFO [main] org.apache.catalina.startup.VersionLoggerListener.log Command line argument: --add-opens=java.base/java.io=ALL-UNNAMED
22-Sep-2022 21:12:14.073 INFO [main] org.apache.catalina.startup.VersionLoggerListener.log Command line argument: --add-opens=java.base/java.util=ALL-UNNAMED
22-Sep-2022 21:12:14.074 INFO [main] org.apache.catalina.startup.VersionLoggerListener.log Command line argument: --add-opens=java.base/java.util.concurrent=ALL-UNNAMED
22-Sep-2022 21:12:14.074 INFO [main] org.apache.catalina.startup.VersionLoggerListener.log Command line argument: --add-opens=java.rmi/sun.rmi.transport=ALL-UNNAMED
22-Sep-2022 21:12:14.074 INFO [main] org.apache.catalina.startup.VersionLoggerListener.log Command line argument: -Djava.util.logging.config.file=/mnt/c/Users/calen/OneDrive/桌面/ServletAttempt/tomcat/apache-tomcat-8.5.82/conf/logging.properties
22-Sep-2022 21:12:14.074 INFO [main] org.apache.catalina.startup.VersionLoggerListener.log Command line argument: -Djava.util.logging.manager=org.apache.juli.ClassLoaderLogManager
22-Sep-2022 21:12:14.075 INFO [main] org.apache.catalina.startup.VersionLoggerListener.log Command line argument: -Djdk.tls.ephemeralDHKeySize=2048
22-Sep-2022 21:12:14.075 INFO [main] org.apache.catalina.startup.VersionLoggerListener.log Command line argument: -Djava.protocol.handler.pkgs=org.apache.catalina.webresources
22-Sep-2022 21:12:14.075 INFO [main] org.apache.catalina.startup.VersionLoggerListener.log Command line argument: -Dorg.apache.catalina.security.SecurityListener.UMASK=0027
22-Sep-2022 21:12:14.075 INFO [main] org.apache.catalina.startup.VersionLoggerListener.log Command line argument: -Dignore.endorsed.dirs=
22-Sep-2022 21:12:14.075 INFO [main] org.apache.catalina.startup.VersionLoggerListener.log Command line argument: -Dcatalina.base=/mnt/c/Users/calen/OneDrive/桌面/ServletAttempt/tomcat/apache-tomcat-8.5.82
22-Sep-2022 21:12:14.076 INFO [main] org.apache.catalina.startup.VersionLoggerListener.log Command line argument: -Dcatalina.home=/mnt/c/Users/calen/OneDrive/桌面/ServletAttempt/tomcat/apache-tomcat-8.5.82
22-Sep-2022 21:12:14.076 INFO [main] org.apache.catalina.startup.VersionLoggerListener.log Command line argument: -Djava.io.tmpdir=/mnt/c/Users/calen/OneDrive/桌面/ServletAttempt/tomcat/apache-tomcat-8.5.82/temp
22-Sep-2022 21:12:14.076 INFO [main] org.apache.catalina.core.AprLifecycleListener.lifecycleEvent The Apache Tomcat Native library which allows using OpenSSL was not found on the java.library.path: [/usr/java/packages/lib:/usr/lib/x86_64-linux-gnu/jni:/lib/x86_64-linux-gnu:/usr/lib/x86_64-linux-gnu:/usr/lib/jni:/lib:/usr/lib]
22-Sep-2022 21:12:14.153 INFO [main] org.apache.coyote.AbstractProtocol.init Initializing ProtocolHandler ["http-nio-8080"]
22-Sep-2022 21:12:14.170 INFO [main] org.apache.catalina.startup.Catalina.load Initialization processed in 449 ms
22-Sep-2022 21:12:14.227 INFO [main] org.apache.catalina.core.StandardService.startInternal Starting service [Catalina]
22-Sep-2022 21:12:14.227 INFO [main] org.apache.catalina.core.StandardEngine.startInternal Starting Servlet engine: [Apache Tomcat/8.5.82]
22-Sep-2022 21:12:14.257 INFO [localhost-startStop-1] org.apache.catalina.startup.HostConfig.deployDirectory Deploying web application directory [/mnt/c/Users/calen/OneDrive/桌面/ServletAttempt/tomcat/apache-tomcat-8.5.82/webapps/docs]
22-Sep-2022 21:12:14.777 INFO [localhost-startStop-1] org.apache.catalina.startup.HostConfig.deployDirectory Deployment of web application directory [/mnt/c/Users/calen/OneDrive/桌面/ServletAttempt/tomcat/apache-tomcat-8.5.82/webapps/docs] has finished in [519] ms
22-Sep-2022 21:12:14.777 INFO [localhost-startStop-1] org.apache.catalina.startup.HostConfig.deployDirectory Deploying web application directory [/mnt/c/Users/calen/OneDrive/桌面/ServletAttempt/tomcat/apache-tomcat-8.5.82/webapps/examples]
22-Sep-2022 21:12:18.205 INFO [localhost-startStop-1] org.apache.catalina.startup.HostConfig.deployDirectory Deployment of web application directory [/mnt/c/Users/calen/OneDrive/桌面/ServletAttempt/tomcat/apache-tomcat-8.5.82/webapps/examples] has finished in [3,428] ms
22-Sep-2022 21:12:18.205 INFO [localhost-startStop-1] org.apache.catalina.startup.HostConfig.deployDirectory Deploying web application directory [/mnt/c/Users/calen/OneDrive/桌面/ServletAttempt/tomcat/apache-tomcat-8.5.82/webapps/host-manager]
22-Sep-2022 21:12:18.427 INFO [localhost-startStop-1] org.apache.catalina.startup.HostConfig.deployDirectory Deployment of web application directory [/mnt/c/Users/calen/OneDrive/桌面/ServletAttempt/tomcat/apache-tomcat-8.5.82/webapps/host-manager] has finished in [222] ms
22-Sep-2022 21:12:18.427 INFO [localhost-startStop-1] org.apache.catalina.startup.HostConfig.deployDirectory Deploying web application directory [/mnt/c/Users/calen/OneDrive/桌面/ServletAttempt/tomcat/apache-tomcat-8.5.82/webapps/manager]
22-Sep-2022 21:12:18.706 INFO [localhost-startStop-1] org.apache.catalina.startup.HostConfig.deployDirectory Deployment of web application directory [/mnt/c/Users/calen/OneDrive/桌面/ServletAttempt/tomcat/apache-tomcat-8.5.82/webapps/manager] has finished in [279] ms
22-Sep-2022 21:12:18.707 INFO [localhost-startStop-1] org.apache.catalina.startup.HostConfig.deployDirectory Deploying web application directory [/mnt/c/Users/calen/OneDrive/桌面/ServletAttempt/tomcat/apache-tomcat-8.5.82/webapps/root]
22-Sep-2022 21:12:19.012 INFO [localhost-startStop-1] org.apache.catalina.startup.HostConfig.deployDirectory Deployment of web application directory [/mnt/c/Users/calen/OneDrive/桌面/ServletAttempt/tomcat/apache-tomcat-8.5.82/webapps/root] has finished in [305] ms
22-Sep-2022 21:12:19.017 INFO [main] org.apache.coyote.AbstractProtocol.start Starting ProtocolHandler ["http-nio-8080"]
22-Sep-2022 21:12:19.031 INFO [main] org.apache.catalina.startup.Catalina.start Server startup in 4860 ms
22-Sep-2022 21:13:53.336 INFO [main] org.apache.catalina.core.StandardServer.await A valid shutdown command was received via the shutdown port. Stopping the Server instance.
22-Sep-2022 21:13:53.337 INFO [main] org.apache.coyote.AbstractProtocol.pause Pausing ProtocolHandler ["http-nio-8080"]
22-Sep-2022 21:13:53.340 INFO [main] org.apache.catalina.core.StandardService.stopInternal Stopping service [Catalina]
22-Sep-2022 21:13:53.379 INFO [main] org.apache.coyote.AbstractProtocol.stop Stopping ProtocolHandler ["http-nio-8080"]
22-Sep-2022 21:13:53.384 INFO [main] org.apache.coyote.AbstractProtocol.destroy Destroying ProtocolHandler ["http-nio-8080"]
NOTE: Picked up JDK_JAVA_OPTIONS:  --add-opens=java.base/java.lang=ALL-UNNAMED --add-opens=java.base/java.io=ALL-UNNAMED --add-opens=java.base/java.util=ALL-UNNAMED --add-opens=java.base/java.util.concurrent=ALL-UNNAMED --add-opens=java.rmi/sun.rmi.transport=ALL-UNNAMED
22-Sep-2022 21:15:26.662 INFO [main] org.apache.catalina.startup.VersionLoggerListener.log Server version name:   Apache Tomcat/8.5.82
22-Sep-2022 21:15:26.665 INFO [main] org.apache.catalina.startup.VersionLoggerListener.log Server built:          Aug 8 2022 21:26:07 UTC
22-Sep-2022 21:15:26.665 INFO [main] org.apache.catalina.startup.VersionLoggerListener.log Server version number: 8.5.82.0
22-Sep-2022 21:15:26.665 INFO [main] org.apache.catalina.startup.VersionLoggerListener.log OS Name:               Linux
22-Sep-2022 21:15:26.665 INFO [main] org.apache.catalina.startup.VersionLoggerListener.log OS Version:            5.10.102.1-microsoft-standard-WSL2
22-Sep-2022 21:15:26.665 INFO [main] org.apache.catalina.startup.VersionLoggerListener.log Architecture:          amd64
22-Sep-2022 21:15:26.666 INFO [main] org.apache.catalina.startup.VersionLoggerListener.log Java Home:             /usr/lib/jvm/java-11-openjdk-amd64
22-Sep-2022 21:15:26.666 INFO [main] org.apache.catalina.startup.VersionLoggerListener.log JVM Version:           11.0.13+8-Ubuntu-0ubuntu1.20.04
22-Sep-2022 21:15:26.666 INFO [main] org.apache.catalina.startup.VersionLoggerListener.log JVM Vendor:            Ubuntu
22-Sep-2022 21:15:26.666 INFO [main] org.apache.catalina.startup.VersionLoggerListener.log CATALINA_BASE:         /mnt/c/Users/calen/OneDrive/桌面/ServletAttempt/tomcat/apache-tomcat-8.5.82
22-Sep-2022 21:15:26.667 INFO [main] org.apache.catalina.startup.VersionLoggerListener.log CATALINA_HOME:         /mnt/c/Users/calen/OneDrive/桌面/ServletAttempt/tomcat/apache-tomcat-8.5.82
22-Sep-2022 21:15:26.667 INFO [main] org.apache.catalina.startup.VersionLoggerListener.log Command line argument: --add-opens=java.base/java.lang=ALL-UNNAMED
22-Sep-2022 21:15:26.667 INFO [main] org.apache.catalina.startup.VersionLoggerListener.log Command line argument: --add-opens=java.base/java.io=ALL-UNNAMED
22-Sep-2022 21:15:26.667 INFO [main] org.apache.catalina.startup.VersionLoggerListener.log Command line argument: --add-opens=java.base/java.util=ALL-UNNAMED
22-Sep-2022 21:15:26.667 INFO [main] org.apache.catalina.startup.VersionLoggerListener.log Command line argument: --add-opens=java.base/java.util.concurrent=ALL-UNNAMED
22-Sep-2022 21:15:26.668 INFO [main] org.apache.catalina.startup.VersionLoggerListener.log Command line argument: --add-opens=java.rmi/sun.rmi.transport=ALL-UNNAMED
22-Sep-2022 21:15:26.668 INFO [main] org.apache.catalina.startup.VersionLoggerListener.log Command line argument: -Djava.util.logging.config.file=/mnt/c/Users/calen/OneDrive/桌面/ServletAttempt/tomcat/apache-tomcat-8.5.82/conf/logging.properties
22-Sep-2022 21:15:26.668 INFO [main] org.apache.catalina.startup.VersionLoggerListener.log Command line argument: -Djava.util.logging.manager=org.apache.juli.ClassLoaderLogManager
22-Sep-2022 21:15:26.668 INFO [main] org.apache.catalina.startup.VersionLoggerListener.log Command line argument: -Djdk.tls.ephemeralDHKeySize=2048
22-Sep-2022 21:15:26.668 INFO [main] org.apache.catalina.startup.VersionLoggerListener.log Command line argument: -Djava.protocol.handler.pkgs=org.apache.catalina.webresources
22-Sep-2022 21:15:26.669 INFO [main] org.apache.catalina.startup.VersionLoggerListener.log Command line argument: -Dorg.apache.catalina.security.SecurityListener.UMASK=0027
22-Sep-2022 21:15:26.669 INFO [main] org.apache.catalina.startup.VersionLoggerListener.log Command line argument: -Dignore.endorsed.dirs=
22-Sep-2022 21:15:26.669 INFO [main] org.apache.catalina.startup.VersionLoggerListener.log Command line argument: -Dcatalina.base=/mnt/c/Users/calen/OneDrive/桌面/ServletAttempt/tomcat/apache-tomcat-8.5.82
22-Sep-2022 21:15:26.669 INFO [main] org.apache.catalina.startup.VersionLoggerListener.log Command line argument: -Dcatalina.home=/mnt/c/Users/calen/OneDrive/桌面/ServletAttempt/tomcat/apache-tomcat-8.5.82
22-Sep-2022 21:15:26.669 INFO [main] org.apache.catalina.startup.VersionLoggerListener.log Command line argument: -Djava.io.tmpdir=/mnt/c/Users/calen/OneDrive/桌面/ServletAttempt/tomcat/apache-tomcat-8.5.82/temp
22-Sep-2022 21:15:26.670 INFO [main] org.apache.catalina.core.AprLifecycleListener.lifecycleEvent The Apache Tomcat Native library which allows using OpenSSL was not found on the java.library.path: [/usr/java/packages/lib:/usr/lib/x86_64-linux-gnu/jni:/lib/x86_64-linux-gnu:/usr/lib/x86_64-linux-gnu:/usr/lib/jni:/lib:/usr/lib]
22-Sep-2022 21:15:26.745 INFO [main] org.apache.coyote.AbstractProtocol.init Initializing ProtocolHandler ["http-nio-8080"]
22-Sep-2022 21:15:26.763 INFO [main] org.apache.catalina.startup.Catalina.load Initialization processed in 429 ms
22-Sep-2022 21:15:26.810 INFO [main] org.apache.catalina.core.StandardService.startInternal Starting service [Catalina]
22-Sep-2022 21:15:26.810 INFO [main] org.apache.catalina.core.StandardEngine.startInternal Starting Servlet engine: [Apache Tomcat/8.5.82]
22-Sep-2022 21:15:26.837 INFO [localhost-startStop-1] org.apache.catalina.startup.HostConfig.deployDirectory Deploying web application directory [/mnt/c/Users/calen/OneDrive/桌面/ServletAttempt/tomcat/apache-tomcat-8.5.82/webapps/docs]
22-Sep-2022 21:15:27.346 INFO [localhost-startStop-1] org.apache.catalina.startup.HostConfig.deployDirectory Deployment of web application directory [/mnt/c/Users/calen/OneDrive/桌面/ServletAttempt/tomcat/apache-tomcat-8.5.82/webapps/docs] has finished in [509] ms
22-Sep-2022 21:15:27.347 INFO [localhost-startStop-1] org.apache.catalina.startup.HostConfig.deployDirectory Deploying web application directory [/mnt/c/Users/calen/OneDrive/桌面/ServletAttempt/tomcat/apache-tomcat-8.5.82/webapps/examples]
22-Sep-2022 21:15:31.328 INFO [localhost-startStop-1] org.apache.catalina.startup.HostConfig.deployDirectory Deployment of web application directory [/mnt/c/Users/calen/OneDrive/桌面/ServletAttempt/tomcat/apache-tomcat-8.5.82/webapps/examples] has finished in [3,981] ms
22-Sep-2022 21:15:31.328 INFO [localhost-startStop-1] org.apache.catalina.startup.HostConfig.deployDirectory Deploying web application directory [/mnt/c/Users/calen/OneDrive/桌面/ServletAttempt/tomcat/apache-tomcat-8.5.82/webapps/host-manager]
22-Sep-2022 21:15:31.583 INFO [localhost-startStop-1] org.apache.catalina.startup.HostConfig.deployDirectory Deployment of web application directory [/mnt/c/Users/calen/OneDrive/桌面/ServletAttempt/tomcat/apache-tomcat-8.5.82/webapps/host-manager] has finished in [255] ms
22-Sep-2022 21:15:31.583 INFO [localhost-startStop-1] org.apache.catalina.startup.HostConfig.deployDirectory Deploying web application directory [/mnt/c/Users/calen/OneDrive/桌面/ServletAttempt/tomcat/apache-tomcat-8.5.82/webapps/manager]
22-Sep-2022 21:15:31.839 INFO [localhost-startStop-1] org.apache.catalina.startup.HostConfig.deployDirectory Deployment of web application directory [/mnt/c/Users/calen/OneDrive/桌面/ServletAttempt/tomcat/apache-tomcat-8.5.82/webapps/manager] has finished in [256] ms
22-Sep-2022 21:15:31.839 INFO [localhost-startStop-1] org.apache.catalina.startup.HostConfig.deployDirectory Deploying web application directory [/mnt/c/Users/calen/OneDrive/桌面/ServletAttempt/tomcat/apache-tomcat-8.5.82/webapps/root]
22-Sep-2022 21:15:31.951 SEVERE [localhost-startStop-1] org.apache.tomcat.util.digester.Digester.fatalError Parse Fatal Error at line 6 column 2: The markup in the document following the root element must be well-formed.
	org.xml.sax.SAXParseException; systemId: file:/mnt/c/Users/calen/OneDrive/桌面/ServletAttempt/tomcat/apache-tomcat-8.5.82/webapps/root/WEB-INF/web.xml; lineNumber: 6; columnNumber: 2; The markup in the document following the root element must be well-formed.
		at java.xml/com.sun.org.apache.xerces.internal.util.ErrorHandlerWrapper.createSAXParseException(ErrorHandlerWrapper.java:204)
		at java.xml/com.sun.org.apache.xerces.internal.util.ErrorHandlerWrapper.fatalError(ErrorHandlerWrapper.java:178)
		at java.xml/com.sun.org.apache.xerces.internal.impl.XMLErrorReporter.reportError(XMLErrorReporter.java:400)
		at java.xml/com.sun.org.apache.xerces.internal.impl.XMLErrorReporter.reportError(XMLErrorReporter.java:327)
		at java.xml/com.sun.org.apache.xerces.internal.impl.XMLScanner.reportFatalError(XMLScanner.java:1471)
		at java.xml/com.sun.org.apache.xerces.internal.impl.XMLDocumentScannerImpl$TrailingMiscDriver.next(XMLDocumentScannerImpl.java:1398)
		at java.xml/com.sun.org.apache.xerces.internal.impl.XMLDocumentScannerImpl.next(XMLDocumentScannerImpl.java:605)
		at java.xml/com.sun.org.apache.xerces.internal.impl.XMLDocumentFragmentScannerImpl.scanDocument(XMLDocumentFragmentScannerImpl.java:534)
		at java.xml/com.sun.org.apache.xerces.internal.parsers.XML11Configuration.parse(XML11Configuration.java:888)
		at java.xml/com.sun.org.apache.xerces.internal.parsers.XML11Configuration.parse(XML11Configuration.java:824)
		at java.xml/com.sun.org.apache.xerces.internal.parsers.XMLParser.parse(XMLParser.java:141)
		at java.xml/com.sun.org.apache.xerces.internal.parsers.AbstractSAXParser.parse(AbstractSAXParser.java:1216)
		at java.xml/com.sun.org.apache.xerces.internal.jaxp.SAXParserImpl$JAXPSAXParser.parse(SAXParserImpl.java:635)
		at org.apache.tomcat.util.digester.Digester.parse(Digester.java:1496)
		at org.apache.tomcat.util.descriptor.web.WebXmlParser.parseWebXml(WebXmlParser.java:119)
		at org.apache.catalina.startup.ContextConfig.webConfig(ContextConfig.java:1067)
		at org.apache.catalina.startup.ContextConfig.configureStart(ContextConfig.java:779)
		at org.apache.catalina.startup.ContextConfig.lifecycleEvent(ContextConfig.java:299)
		at org.apache.catalina.util.LifecycleBase.fireLifecycleEvent(LifecycleBase.java:123)
		at org.apache.catalina.core.StandardContext.startInternal(StandardContext.java:5130)
		at org.apache.catalina.util.LifecycleBase.start(LifecycleBase.java:183)
		at org.apache.catalina.core.ContainerBase.addChildInternal(ContainerBase.java:753)
		at org.apache.catalina.core.ContainerBase.addChild(ContainerBase.java:727)
		at org.apache.catalina.core.StandardHost.addChild(StandardHost.java:695)
		at org.apache.catalina.startup.HostConfig.deployDirectory(HostConfig.java:1177)
		at org.apache.catalina.startup.HostConfig$DeployDirectory.run(HostConfig.java:1925)
		at java.base/java.util.concurrent.Executors$RunnableAdapter.call(Executors.java:515)
		at java.base/java.util.concurrent.FutureTask.run(FutureTask.java:264)
		at java.base/java.util.concurrent.ThreadPoolExecutor.runWorker(ThreadPoolExecutor.java:1128)
		at java.base/java.util.concurrent.ThreadPoolExecutor$Worker.run(ThreadPoolExecutor.java:628)
		at java.base/java.lang.Thread.run(Thread.java:829)
22-Sep-2022 21:15:31.953 SEVERE [localhost-startStop-1] org.apache.tomcat.util.descriptor.web.WebXmlParser.parseWebXml Parse error in application web.xml file at [file:/mnt/c/Users/calen/OneDrive/桌面/ServletAttempt/tomcat/apache-tomcat-8.5.82/webapps/root/WEB-INF/web.xml]
	org.xml.sax.SAXParseException; systemId: file:/mnt/c/Users/calen/OneDrive/桌面/ServletAttempt/tomcat/apache-tomcat-8.5.82/webapps/root/WEB-INF/web.xml; lineNumber: 6; columnNumber: 2; The markup in the document following the root element must be well-formed.
		at java.xml/com.sun.org.apache.xerces.internal.util.ErrorHandlerWrapper.createSAXParseException(ErrorHandlerWrapper.java:204)
		at java.xml/com.sun.org.apache.xerces.internal.util.ErrorHandlerWrapper.fatalError(ErrorHandlerWrapper.java:178)
		at java.xml/com.sun.org.apache.xerces.internal.impl.XMLErrorReporter.reportError(XMLErrorReporter.java:400)
		at java.xml/com.sun.org.apache.xerces.internal.impl.XMLErrorReporter.reportError(XMLErrorReporter.java:327)
		at java.xml/com.sun.org.apache.xerces.internal.impl.XMLScanner.reportFatalError(XMLScanner.java:1471)
		at java.xml/com.sun.org.apache.xerces.internal.impl.XMLDocumentScannerImpl$TrailingMiscDriver.next(XMLDocumentScannerImpl.java:1398)
		at java.xml/com.sun.org.apache.xerces.internal.impl.XMLDocumentScannerImpl.next(XMLDocumentScannerImpl.java:605)
		at java.xml/com.sun.org.apache.xerces.internal.impl.XMLDocumentFragmentScannerImpl.scanDocument(XMLDocumentFragmentScannerImpl.java:534)
		at java.xml/com.sun.org.apache.xerces.internal.parsers.XML11Configuration.parse(XML11Configuration.java:888)
		at java.xml/com.sun.org.apache.xerces.internal.parsers.XML11Configuration.parse(XML11Configuration.java:824)
		at java.xml/com.sun.org.apache.xerces.internal.parsers.XMLParser.parse(XMLParser.java:141)
		at java.xml/com.sun.org.apache.xerces.internal.parsers.AbstractSAXParser.parse(AbstractSAXParser.java:1216)
		at java.xml/com.sun.org.apache.xerces.internal.jaxp.SAXParserImpl$JAXPSAXParser.parse(SAXParserImpl.java:635)
		at org.apache.tomcat.util.digester.Digester.parse(Digester.java:1496)
		at org.apache.tomcat.util.descriptor.web.WebXmlParser.parseWebXml(WebXmlParser.java:119)
		at org.apache.catalina.startup.ContextConfig.webConfig(ContextConfig.java:1067)
		at org.apache.catalina.startup.ContextConfig.configureStart(ContextConfig.java:779)
		at org.apache.catalina.startup.ContextConfig.lifecycleEvent(ContextConfig.java:299)
		at org.apache.catalina.util.LifecycleBase.fireLifecycleEvent(LifecycleBase.java:123)
		at org.apache.catalina.core.StandardContext.startInternal(StandardContext.java:5130)
		at org.apache.catalina.util.LifecycleBase.start(LifecycleBase.java:183)
		at org.apache.catalina.core.ContainerBase.addChildInternal(ContainerBase.java:753)
		at org.apache.catalina.core.ContainerBase.addChild(ContainerBase.java:727)
		at org.apache.catalina.core.StandardHost.addChild(StandardHost.java:695)
		at org.apache.catalina.startup.HostConfig.deployDirectory(HostConfig.java:1177)
		at org.apache.catalina.startup.HostConfig$DeployDirectory.run(HostConfig.java:1925)
		at java.base/java.util.concurrent.Executors$RunnableAdapter.call(Executors.java:515)
		at java.base/java.util.concurrent.FutureTask.run(FutureTask.java:264)
		at java.base/java.util.concurrent.ThreadPoolExecutor.runWorker(ThreadPoolExecutor.java:1128)
		at java.base/java.util.concurrent.ThreadPoolExecutor$Worker.run(ThreadPoolExecutor.java:628)
		at java.base/java.lang.Thread.run(Thread.java:829)
22-Sep-2022 21:15:31.953 SEVERE [localhost-startStop-1] org.apache.tomcat.util.descriptor.web.WebXmlParser.parseWebXml Occurred at line [6] column [2]
22-Sep-2022 21:15:31.977 SEVERE [localhost-startStop-1] org.apache.catalina.startup.ContextConfig.configureStart Marking this application unavailable due to previous error(s)
22-Sep-2022 21:15:31.978 SEVERE [localhost-startStop-1] org.apache.catalina.core.StandardContext.startInternal One or more components marked the context as not correctly configured
22-Sep-2022 21:15:31.980 SEVERE [localhost-startStop-1] org.apache.catalina.core.StandardContext.startInternal Context [/root] startup failed due to previous errors
22-Sep-2022 21:15:31.992 INFO [localhost-startStop-1] org.apache.catalina.startup.HostConfig.deployDirectory Deployment of web application directory [/mnt/c/Users/calen/OneDrive/桌面/ServletAttempt/tomcat/apache-tomcat-8.5.82/webapps/root] has finished in [153] ms
22-Sep-2022 21:15:31.997 INFO [main] org.apache.coyote.AbstractProtocol.start Starting ProtocolHandler ["http-nio-8080"]
22-Sep-2022 21:15:32.011 INFO [main] org.apache.catalina.startup.Catalina.start Server startup in 5248 ms
22-Sep-2022 21:16:32.358 INFO [localhost-startStop-2] org.apache.catalina.startup.HostConfig.deployDirectory Deploying web application directory [/mnt/c/Users/calen/OneDrive/桌面/ServletAttempt/tomcat/apache-tomcat-8.5.82/webapps/ROOT]
22-Sep-2022 21:16:32.478 SEVERE [localhost-startStop-2] org.apache.tomcat.util.digester.Digester.fatalError Parse Fatal Error at line 6 column 2: The markup in the document following the root element must be well-formed.
	org.xml.sax.SAXParseException; systemId: file:/mnt/c/Users/calen/OneDrive/桌面/ServletAttempt/tomcat/apache-tomcat-8.5.82/webapps/ROOT/WEB-INF/web.xml; lineNumber: 6; columnNumber: 2; The markup in the document following the root element must be well-formed.
		at java.xml/com.sun.org.apache.xerces.internal.util.ErrorHandlerWrapper.createSAXParseException(ErrorHandlerWrapper.java:204)
		at java.xml/com.sun.org.apache.xerces.internal.util.ErrorHandlerWrapper.fatalError(ErrorHandlerWrapper.java:178)
		at java.xml/com.sun.org.apache.xerces.internal.impl.XMLErrorReporter.reportError(XMLErrorReporter.java:400)
		at java.xml/com.sun.org.apache.xerces.internal.impl.XMLErrorReporter.reportError(XMLErrorReporter.java:327)
		at java.xml/com.sun.org.apache.xerces.internal.impl.XMLScanner.reportFatalError(XMLScanner.java:1471)
		at java.xml/com.sun.org.apache.xerces.internal.impl.XMLDocumentScannerImpl$TrailingMiscDriver.next(XMLDocumentScannerImpl.java:1398)
		at java.xml/com.sun.org.apache.xerces.internal.impl.XMLDocumentScannerImpl.next(XMLDocumentScannerImpl.java:605)
		at java.xml/com.sun.org.apache.xerces.internal.impl.XMLDocumentFragmentScannerImpl.scanDocument(XMLDocumentFragmentScannerImpl.java:534)
		at java.xml/com.sun.org.apache.xerces.internal.parsers.XML11Configuration.parse(XML11Configuration.java:888)
		at java.xml/com.sun.org.apache.xerces.internal.parsers.XML11Configuration.parse(XML11Configuration.java:824)
		at java.xml/com.sun.org.apache.xerces.internal.parsers.XMLParser.parse(XMLParser.java:141)
		at java.xml/com.sun.org.apache.xerces.internal.parsers.AbstractSAXParser.parse(AbstractSAXParser.java:1216)
		at java.xml/com.sun.org.apache.xerces.internal.jaxp.SAXParserImpl$JAXPSAXParser.parse(SAXParserImpl.java:635)
		at org.apache.tomcat.util.digester.Digester.parse(Digester.java:1496)
		at org.apache.tomcat.util.descriptor.web.WebXmlParser.parseWebXml(WebXmlParser.java:119)
		at org.apache.catalina.startup.ContextConfig.webConfig(ContextConfig.java:1067)
		at org.apache.catalina.startup.ContextConfig.configureStart(ContextConfig.java:779)
		at org.apache.catalina.startup.ContextConfig.lifecycleEvent(ContextConfig.java:299)
		at org.apache.catalina.util.LifecycleBase.fireLifecycleEvent(LifecycleBase.java:123)
		at org.apache.catalina.core.StandardContext.startInternal(StandardContext.java:5130)
		at org.apache.catalina.util.LifecycleBase.start(LifecycleBase.java:183)
		at org.apache.catalina.core.ContainerBase.addChildInternal(ContainerBase.java:753)
		at org.apache.catalina.core.ContainerBase.addChild(ContainerBase.java:727)
		at org.apache.catalina.core.StandardHost.addChild(StandardHost.java:695)
		at org.apache.catalina.startup.HostConfig.deployDirectory(HostConfig.java:1177)
		at org.apache.catalina.startup.HostConfig$DeployDirectory.run(HostConfig.java:1925)
		at java.base/java.util.concurrent.Executors$RunnableAdapter.call(Executors.java:515)
		at java.base/java.util.concurrent.FutureTask.run(FutureTask.java:264)
		at java.base/java.util.concurrent.ThreadPoolExecutor.runWorker(ThreadPoolExecutor.java:1128)
		at java.base/java.util.concurrent.ThreadPoolExecutor$Worker.run(ThreadPoolExecutor.java:628)
		at java.base/java.lang.Thread.run(Thread.java:829)
22-Sep-2022 21:16:32.479 SEVERE [localhost-startStop-2] org.apache.tomcat.util.descriptor.web.WebXmlParser.parseWebXml Parse error in application web.xml file at [file:/mnt/c/Users/calen/OneDrive/桌面/ServletAttempt/tomcat/apache-tomcat-8.5.82/webapps/ROOT/WEB-INF/web.xml]
	org.xml.sax.SAXParseException; systemId: file:/mnt/c/Users/calen/OneDrive/桌面/ServletAttempt/tomcat/apache-tomcat-8.5.82/webapps/ROOT/WEB-INF/web.xml; lineNumber: 6; columnNumber: 2; The markup in the document following the root element must be well-formed.
		at java.xml/com.sun.org.apache.xerces.internal.util.ErrorHandlerWrapper.createSAXParseException(ErrorHandlerWrapper.java:204)
		at java.xml/com.sun.org.apache.xerces.internal.util.ErrorHandlerWrapper.fatalError(ErrorHandlerWrapper.java:178)
		at java.xml/com.sun.org.apache.xerces.internal.impl.XMLErrorReporter.reportError(XMLErrorReporter.java:400)
		at java.xml/com.sun.org.apache.xerces.internal.impl.XMLErrorReporter.reportError(XMLErrorReporter.java:327)
		at java.xml/com.sun.org.apache.xerces.internal.impl.XMLScanner.reportFatalError(XMLScanner.java:1471)
		at java.xml/com.sun.org.apache.xerces.internal.impl.XMLDocumentScannerImpl$TrailingMiscDriver.next(XMLDocumentScannerImpl.java:1398)
		at java.xml/com.sun.org.apache.xerces.internal.impl.XMLDocumentScannerImpl.next(XMLDocumentScannerImpl.java:605)
		at java.xml/com.sun.org.apache.xerces.internal.impl.XMLDocumentFragmentScannerImpl.scanDocument(XMLDocumentFragmentScannerImpl.java:534)
		at java.xml/com.sun.org.apache.xerces.internal.parsers.XML11Configuration.parse(XML11Configuration.java:888)
		at java.xml/com.sun.org.apache.xerces.internal.parsers.XML11Configuration.parse(XML11Configuration.java:824)
		at java.xml/com.sun.org.apache.xerces.internal.parsers.XMLParser.parse(XMLParser.java:141)
		at java.xml/com.sun.org.apache.xerces.internal.parsers.AbstractSAXParser.parse(AbstractSAXParser.java:1216)
		at java.xml/com.sun.org.apache.xerces.internal.jaxp.SAXParserImpl$JAXPSAXParser.parse(SAXParserImpl.java:635)
		at org.apache.tomcat.util.digester.Digester.parse(Digester.java:1496)
		at org.apache.tomcat.util.descriptor.web.WebXmlParser.parseWebXml(WebXmlParser.java:119)
		at org.apache.catalina.startup.ContextConfig.webConfig(ContextConfig.java:1067)
		at org.apache.catalina.startup.ContextConfig.configureStart(ContextConfig.java:779)
		at org.apache.catalina.startup.ContextConfig.lifecycleEvent(ContextConfig.java:299)
		at org.apache.catalina.util.LifecycleBase.fireLifecycleEvent(LifecycleBase.java:123)
		at org.apache.catalina.core.StandardContext.startInternal(StandardContext.java:5130)
		at org.apache.catalina.util.LifecycleBase.start(LifecycleBase.java:183)
		at org.apache.catalina.core.ContainerBase.addChildInternal(ContainerBase.java:753)
		at org.apache.catalina.core.ContainerBase.addChild(ContainerBase.java:727)
		at org.apache.catalina.core.StandardHost.addChild(StandardHost.java:695)
		at org.apache.catalina.startup.HostConfig.deployDirectory(HostConfig.java:1177)
		at org.apache.catalina.startup.HostConfig$DeployDirectory.run(HostConfig.java:1925)
		at java.base/java.util.concurrent.Executors$RunnableAdapter.call(Executors.java:515)
		at java.base/java.util.concurrent.FutureTask.run(FutureTask.java:264)
		at java.base/java.util.concurrent.ThreadPoolExecutor.runWorker(ThreadPoolExecutor.java:1128)
		at java.base/java.util.concurrent.ThreadPoolExecutor$Worker.run(ThreadPoolExecutor.java:628)
		at java.base/java.lang.Thread.run(Thread.java:829)
22-Sep-2022 21:16:32.479 SEVERE [localhost-startStop-2] org.apache.tomcat.util.descriptor.web.WebXmlParser.parseWebXml Occurred at line [6] column [2]
22-Sep-2022 21:16:32.509 SEVERE [localhost-startStop-2] org.apache.catalina.startup.ContextConfig.configureStart Marking this application unavailable due to previous error(s)
22-Sep-2022 21:16:32.510 SEVERE [localhost-startStop-2] org.apache.catalina.core.StandardContext.startInternal One or more components marked the context as not correctly configured
22-Sep-2022 21:16:32.512 SEVERE [localhost-startStop-2] org.apache.catalina.core.StandardContext.startInternal Context [] startup failed due to previous errors
22-Sep-2022 21:16:32.527 INFO [localhost-startStop-2] org.apache.catalina.startup.HostConfig.deployDirectory Deployment of web application directory [/mnt/c/Users/calen/OneDrive/桌面/ServletAttempt/tomcat/apache-tomcat-8.5.82/webapps/ROOT] has finished in [169] ms
22-Sep-2022 21:17:07.451 INFO [main] org.apache.catalina.core.StandardServer.await A valid shutdown command was received via the shutdown port. Stopping the Server instance.
22-Sep-2022 21:17:07.451 INFO [main] org.apache.coyote.AbstractProtocol.pause Pausing ProtocolHandler ["http-nio-8080"]
22-Sep-2022 21:17:07.453 INFO [main] org.apache.catalina.core.StandardService.stopInternal Stopping service [Catalina]
22-Sep-2022 21:17:07.477 INFO [main] org.apache.coyote.AbstractProtocol.stop Stopping ProtocolHandler ["http-nio-8080"]
22-Sep-2022 21:17:07.487 INFO [main] org.apache.coyote.AbstractProtocol.destroy Destroying ProtocolHandler ["http-nio-8080"]
NOTE: Picked up JDK_JAVA_OPTIONS:  --add-opens=java.base/java.lang=ALL-UNNAMED --add-opens=java.base/java.io=ALL-UNNAMED --add-opens=java.base/java.util=ALL-UNNAMED --add-opens=java.base/java.util.concurrent=ALL-UNNAMED --add-opens=java.rmi/sun.rmi.transport=ALL-UNNAMED
Listening for transport dt_socket at address: 8000
22-Sep-2022 21:26:34.437 INFO [main] org.apache.catalina.startup.VersionLoggerListener.log Server version name:   Apache Tomcat/8.5.82
22-Sep-2022 21:26:34.440 INFO [main] org.apache.catalina.startup.VersionLoggerListener.log Server built:          Aug 8 2022 21:26:07 UTC
22-Sep-2022 21:26:34.440 INFO [main] org.apache.catalina.startup.VersionLoggerListener.log Server version number: 8.5.82.0
22-Sep-2022 21:26:34.441 INFO [main] org.apache.catalina.startup.VersionLoggerListener.log OS Name:               Linux
22-Sep-2022 21:26:34.441 INFO [main] org.apache.catalina.startup.VersionLoggerListener.log OS Version:            5.10.102.1-microsoft-standard-WSL2
22-Sep-2022 21:26:34.441 INFO [main] org.apache.catalina.startup.VersionLoggerListener.log Architecture:          amd64
22-Sep-2022 21:26:34.441 INFO [main] org.apache.catalina.startup.VersionLoggerListener.log Java Home:             /usr/lib/jvm/java-11-openjdk-amd64
22-Sep-2022 21:26:34.442 INFO [main] org.apache.catalina.startup.VersionLoggerListener.log JVM Version:           11.0.13+8-Ubuntu-0ubuntu1.20.04
22-Sep-2022 21:26:34.442 INFO [main] org.apache.catalina.startup.VersionLoggerListener.log JVM Vendor:            Ubuntu
22-Sep-2022 21:26:34.442 INFO [main] org.apache.catalina.startup.VersionLoggerListener.log CATALINA_BASE:         /mnt/c/Users/calen/OneDrive/桌面/ServletAttempt/tomcat/apache-tomcat-8.5.82
22-Sep-2022 21:26:34.442 INFO [main] org.apache.catalina.startup.VersionLoggerListener.log CATALINA_HOME:         /mnt/c/Users/calen/OneDrive/桌面/ServletAttempt/tomcat/apache-tomcat-8.5.82
22-Sep-2022 21:26:34.443 INFO [main] org.apache.catalina.startup.VersionLoggerListener.log Command line argument: --add-opens=java.base/java.lang=ALL-UNNAMED
22-Sep-2022 21:26:34.443 INFO [main] org.apache.catalina.startup.VersionLoggerListener.log Command line argument: --add-opens=java.base/java.io=ALL-UNNAMED
22-Sep-2022 21:26:34.443 INFO [main] org.apache.catalina.startup.VersionLoggerListener.log Command line argument: --add-opens=java.base/java.util=ALL-UNNAMED
22-Sep-2022 21:26:34.443 INFO [main] org.apache.catalina.startup.VersionLoggerListener.log Command line argument: --add-opens=java.base/java.util.concurrent=ALL-UNNAMED
22-Sep-2022 21:26:34.444 INFO [main] org.apache.catalina.startup.VersionLoggerListener.log Command line argument: --add-opens=java.rmi/sun.rmi.transport=ALL-UNNAMED
22-Sep-2022 21:26:34.444 INFO [main] org.apache.catalina.startup.VersionLoggerListener.log Command line argument: -Djava.util.logging.config.file=/mnt/c/Users/calen/OneDrive/桌面/ServletAttempt/tomcat/apache-tomcat-8.5.82/conf/logging.properties
22-Sep-2022 21:26:34.444 INFO [main] org.apache.catalina.startup.VersionLoggerListener.log Command line argument: -Djava.util.logging.manager=org.apache.juli.ClassLoaderLogManager
22-Sep-2022 21:26:34.444 INFO [main] org.apache.catalina.startup.VersionLoggerListener.log Command line argument: -Djdk.tls.ephemeralDHKeySize=2048
22-Sep-2022 21:26:34.445 INFO [main] org.apache.catalina.startup.VersionLoggerListener.log Command line argument: -Djava.protocol.handler.pkgs=org.apache.catalina.webresources
22-Sep-2022 21:26:34.445 INFO [main] org.apache.catalina.startup.VersionLoggerListener.log Command line argument: -Dorg.apache.catalina.security.SecurityListener.UMASK=0027
22-Sep-2022 21:26:34.445 INFO [main] org.apache.catalina.startup.VersionLoggerListener.log Command line argument: -agentlib:jdwp=transport=dt_socket,address=localhost:8000,server=y,suspend=n
22-Sep-2022 21:26:34.445 INFO [main] org.apache.catalina.startup.VersionLoggerListener.log Command line argument: -Dignore.endorsed.dirs=
22-Sep-2022 21:26:34.445 INFO [main] org.apache.catalina.startup.VersionLoggerListener.log Command line argument: -Dcatalina.base=/mnt/c/Users/calen/OneDrive/桌面/ServletAttempt/tomcat/apache-tomcat-8.5.82
22-Sep-2022 21:26:34.446 INFO [main] org.apache.catalina.startup.VersionLoggerListener.log Command line argument: -Dcatalina.home=/mnt/c/Users/calen/OneDrive/桌面/ServletAttempt/tomcat/apache-tomcat-8.5.82
22-Sep-2022 21:26:34.446 INFO [main] org.apache.catalina.startup.VersionLoggerListener.log Command line argument: -Djava.io.tmpdir=/mnt/c/Users/calen/OneDrive/桌面/ServletAttempt/tomcat/apache-tomcat-8.5.82/temp
22-Sep-2022 21:26:34.446 INFO [main] org.apache.catalina.core.AprLifecycleListener.lifecycleEvent The Apache Tomcat Native library which allows using OpenSSL was not found on the java.library.path: [/usr/java/packages/lib:/usr/lib/x86_64-linux-gnu/jni:/lib/x86_64-linux-gnu:/usr/lib/x86_64-linux-gnu:/usr/lib/jni:/lib:/usr/lib]
22-Sep-2022 21:26:34.524 INFO [main] org.apache.coyote.AbstractProtocol.init Initializing ProtocolHandler ["http-nio-8080"]
22-Sep-2022 21:26:34.551 INFO [main] org.apache.catalina.startup.Catalina.load Initialization processed in 459 ms
22-Sep-2022 21:26:34.610 INFO [main] org.apache.catalina.core.StandardService.startInternal Starting service [Catalina]
22-Sep-2022 21:26:34.611 INFO [main] org.apache.catalina.core.StandardEngine.startInternal Starting Servlet engine: [Apache Tomcat/8.5.82]
22-Sep-2022 21:26:34.635 INFO [localhost-startStop-1] org.apache.catalina.startup.HostConfig.deployDirectory Deploying web application directory [/mnt/c/Users/calen/OneDrive/桌面/ServletAttempt/tomcat/apache-tomcat-8.5.82/webapps/docs]
22-Sep-2022 21:26:35.052 INFO [localhost-startStop-1] org.apache.catalina.startup.HostConfig.deployDirectory Deployment of web application directory [/mnt/c/Users/calen/OneDrive/桌面/ServletAttempt/tomcat/apache-tomcat-8.5.82/webapps/docs] has finished in [417] ms
22-Sep-2022 21:26:35.053 INFO [localhost-startStop-1] org.apache.catalina.startup.HostConfig.deployDirectory Deploying web application directory [/mnt/c/Users/calen/OneDrive/桌面/ServletAttempt/tomcat/apache-tomcat-8.5.82/webapps/examples]
22-Sep-2022 21:26:38.498 INFO [localhost-startStop-1] org.apache.catalina.startup.HostConfig.deployDirectory Deployment of web application directory [/mnt/c/Users/calen/OneDrive/桌面/ServletAttempt/tomcat/apache-tomcat-8.5.82/webapps/examples] has finished in [3,445] ms
22-Sep-2022 21:26:38.499 INFO [localhost-startStop-1] org.apache.catalina.startup.HostConfig.deployDirectory Deploying web application directory [/mnt/c/Users/calen/OneDrive/桌面/ServletAttempt/tomcat/apache-tomcat-8.5.82/webapps/host-manager]
22-Sep-2022 21:26:38.678 INFO [localhost-startStop-1] org.apache.catalina.startup.HostConfig.deployDirectory Deployment of web application directory [/mnt/c/Users/calen/OneDrive/桌面/ServletAttempt/tomcat/apache-tomcat-8.5.82/webapps/host-manager] has finished in [179] ms
22-Sep-2022 21:26:38.679 INFO [localhost-startStop-1] org.apache.catalina.startup.HostConfig.deployDirectory Deploying web application directory [/mnt/c/Users/calen/OneDrive/桌面/ServletAttempt/tomcat/apache-tomcat-8.5.82/webapps/manager]
22-Sep-2022 21:26:38.885 INFO [localhost-startStop-1] org.apache.catalina.startup.HostConfig.deployDirectory Deployment of web application directory [/mnt/c/Users/calen/OneDrive/桌面/ServletAttempt/tomcat/apache-tomcat-8.5.82/webapps/manager] has finished in [206] ms
22-Sep-2022 21:26:38.886 INFO [localhost-startStop-1] org.apache.catalina.startup.HostConfig.deployDirectory Deploying web application directory [/mnt/c/Users/calen/OneDrive/桌面/ServletAttempt/tomcat/apache-tomcat-8.5.82/webapps/ROOT]
22-Sep-2022 21:26:39.012 INFO [localhost-startStop-1] org.apache.catalina.startup.HostConfig.deployDirectory Deployment of web application directory [/mnt/c/Users/calen/OneDrive/桌面/ServletAttempt/tomcat/apache-tomcat-8.5.82/webapps/ROOT] has finished in [126] ms
22-Sep-2022 21:26:39.016 INFO [main] org.apache.coyote.AbstractProtocol.start Starting ProtocolHandler ["http-nio-8080"]
22-Sep-2022 21:26:39.029 INFO [main] org.apache.catalina.startup.Catalina.start Server startup in 4478 ms
22-Sep-2022 21:27:13.604 INFO [main] org.apache.catalina.core.StandardServer.await A valid shutdown command was received via the shutdown port. Stopping the Server instance.
22-Sep-2022 21:27:13.605 INFO [main] org.apache.coyote.AbstractProtocol.pause Pausing ProtocolHandler ["http-nio-8080"]
22-Sep-2022 21:27:13.607 INFO [main] org.apache.catalina.core.StandardService.stopInternal Stopping service [Catalina]
22-Sep-2022 21:27:13.638 INFO [main] org.apache.coyote.AbstractProtocol.stop Stopping ProtocolHandler ["http-nio-8080"]
22-Sep-2022 21:27:13.650 INFO [main] org.apache.coyote.AbstractProtocol.destroy Destroying ProtocolHandler ["http-nio-8080"]
