23-Sep-2022 11:33:57.744 信息 [main] org.apache.catalina.startup.VersionLoggerListener.log Server.服务器版本: Apache Tomcat/8.5.82
23-Sep-2022 11:33:57.751 信息 [main] org.apache.catalina.startup.VersionLoggerListener.log 服务器构建:        Aug 8 2022 21:26:07 UTC
23-Sep-2022 11:33:57.752 信息 [main] org.apache.catalina.startup.VersionLoggerListener.log 服务器版本号:      8.5.82.0
23-Sep-2022 11:33:57.752 信息 [main] org.apache.catalina.startup.VersionLoggerListener.log 操作系统名称:      Mac OS X
23-Sep-2022 11:33:57.752 信息 [main] org.apache.catalina.startup.VersionLoggerListener.log OS.版本:           10.16
23-Sep-2022 11:33:57.752 信息 [main] org.apache.catalina.startup.VersionLoggerListener.log 架构:              x86_64
23-Sep-2022 11:33:57.753 信息 [main] org.apache.catalina.startup.VersionLoggerListener.log Java 环境变量:     /Library/Java/JavaVirtualMachines/adoptopenjdk-11.jdk/Contents/Home
23-Sep-2022 11:33:57.753 信息 [main] org.apache.catalina.startup.VersionLoggerListener.log Java虚拟机版本:    11.0.6+10
23-Sep-2022 11:33:57.753 信息 [main] org.apache.catalina.startup.VersionLoggerListener.log JVM.供应商:        AdoptOpenJDK
23-Sep-2022 11:33:57.753 信息 [main] org.apache.catalina.startup.VersionLoggerListener.log CATALINA_BASE:     /Users/anzhiweng/Documents/GitHub/15lspring/ServletAttempt/tomcat/apache-tomcat-8.5.82
23-Sep-2022 11:33:57.753 信息 [main] org.apache.catalina.startup.VersionLoggerListener.log CATALINA_HOME:     /Users/anzhiweng/Documents/GitHub/15lspring/ServletAttempt/tomcat/apache-tomcat-8.5.82
23-Sep-2022 11:33:57.754 信息 [main] org.apache.catalina.startup.VersionLoggerListener.log 命令行参数：       --add-opens=java.base/java.lang=ALL-UNNAMED
23-Sep-2022 11:33:57.755 信息 [main] org.apache.catalina.startup.VersionLoggerListener.log 命令行参数：       --add-opens=java.base/java.io=ALL-UNNAMED
23-Sep-2022 11:33:57.755 信息 [main] org.apache.catalina.startup.VersionLoggerListener.log 命令行参数：       --add-opens=java.base/java.util=ALL-UNNAMED
23-Sep-2022 11:33:57.755 信息 [main] org.apache.catalina.startup.VersionLoggerListener.log 命令行参数：       --add-opens=java.base/java.util.concurrent=ALL-UNNAMED
23-Sep-2022 11:33:57.755 信息 [main] org.apache.catalina.startup.VersionLoggerListener.log 命令行参数：       --add-opens=java.rmi/sun.rmi.transport=ALL-UNNAMED
23-Sep-2022 11:33:57.755 信息 [main] org.apache.catalina.startup.VersionLoggerListener.log 命令行参数：       -Djava.util.logging.config.file=/Users/anzhiweng/Documents/GitHub/15lspring/ServletAttempt/tomcat/apache-tomcat-8.5.82/conf/logging.properties
23-Sep-2022 11:33:57.755 信息 [main] org.apache.catalina.startup.VersionLoggerListener.log 命令行参数：       -Djava.util.logging.manager=org.apache.juli.ClassLoaderLogManager
23-Sep-2022 11:33:57.756 信息 [main] org.apache.catalina.startup.VersionLoggerListener.log 命令行参数：       -Djdk.tls.ephemeralDHKeySize=2048
23-Sep-2022 11:33:57.756 信息 [main] org.apache.catalina.startup.VersionLoggerListener.log 命令行参数：       -Djava.protocol.handler.pkgs=org.apache.catalina.webresources
23-Sep-2022 11:33:57.756 信息 [main] org.apache.catalina.startup.VersionLoggerListener.log 命令行参数：       -Dorg.apache.catalina.security.SecurityListener.UMASK=0027
23-Sep-2022 11:33:57.756 信息 [main] org.apache.catalina.startup.VersionLoggerListener.log 命令行参数：       -Dignore.endorsed.dirs=
23-Sep-2022 11:33:57.756 信息 [main] org.apache.catalina.startup.VersionLoggerListener.log 命令行参数：       -Dcatalina.base=/Users/anzhiweng/Documents/GitHub/15lspring/ServletAttempt/tomcat/apache-tomcat-8.5.82
23-Sep-2022 11:33:57.756 信息 [main] org.apache.catalina.startup.VersionLoggerListener.log 命令行参数：       -Dcatalina.home=/Users/anzhiweng/Documents/GitHub/15lspring/ServletAttempt/tomcat/apache-tomcat-8.5.82
23-Sep-2022 11:33:57.757 信息 [main] org.apache.catalina.startup.VersionLoggerListener.log 命令行参数：       -Djava.io.tmpdir=/Users/anzhiweng/Documents/GitHub/15lspring/ServletAttempt/tomcat/apache-tomcat-8.5.82/temp
23-Sep-2022 11:33:57.757 信息 [main] org.apache.catalina.core.AprLifecycleListener.lifecycleEvent 在java.library.path:[/Users/anzhiweng/Library/Java/Extensions:/Library/Java/Extensions:/Network/Library/Java/Extensions:/System/Library/Java/Extensions:/usr/lib/java:.]上找不到基于APR的Apache Tomcat本机库，该库允许在生产环境中获得最佳性能
23-Sep-2022 11:33:57.797 信息 [main] org.apache.coyote.AbstractProtocol.init 初始化协议处理器 ["http-nio-8080"]
23-Sep-2022 11:33:57.830 信息 [main] org.apache.catalina.startup.Catalina.load Initialization processed in 511 ms
23-Sep-2022 11:33:57.873 信息 [main] org.apache.catalina.core.StandardService.startInternal 正在启动服务[Catalina]
23-Sep-2022 11:33:57.873 信息 [main] org.apache.catalina.core.StandardEngine.startInternal 正在启动 Servlet 引擎：[Apache Tomcat/8.5.82]
23-Sep-2022 11:33:57.881 信息 [localhost-startStop-1] org.apache.catalina.startup.HostConfig.deployDirectory 把web 应用程序部署到目录 [/Users/anzhiweng/Documents/GitHub/15lspring/ServletAttempt/tomcat/apache-tomcat-8.5.82/webapps/docs]
23-Sep-2022 11:33:58.120 信息 [localhost-startStop-1] org.apache.catalina.startup.HostConfig.deployDirectory Web应用程序目录[/Users/anzhiweng/Documents/GitHub/15lspring/ServletAttempt/tomcat/apache-tomcat-8.5.82/webapps/docs]的部署已在[238]毫秒内完成
23-Sep-2022 11:33:58.121 信息 [localhost-startStop-1] org.apache.catalina.startup.HostConfig.deployDirectory 把web 应用程序部署到目录 [/Users/anzhiweng/Documents/GitHub/15lspring/ServletAttempt/tomcat/apache-tomcat-8.5.82/webapps/manager]
23-Sep-2022 11:33:58.153 信息 [localhost-startStop-1] org.apache.catalina.startup.HostConfig.deployDirectory Web应用程序目录[/Users/anzhiweng/Documents/GitHub/15lspring/ServletAttempt/tomcat/apache-tomcat-8.5.82/webapps/manager]的部署已在[32]毫秒内完成
23-Sep-2022 11:33:58.153 信息 [localhost-startStop-1] org.apache.catalina.startup.HostConfig.deployDirectory 把web 应用程序部署到目录 [/Users/anzhiweng/Documents/GitHub/15lspring/ServletAttempt/tomcat/apache-tomcat-8.5.82/webapps/examples]
23-Sep-2022 11:33:58.362 信息 [localhost-startStop-1] org.apache.catalina.startup.HostConfig.deployDirectory Web应用程序目录[/Users/anzhiweng/Documents/GitHub/15lspring/ServletAttempt/tomcat/apache-tomcat-8.5.82/webapps/examples]的部署已在[209]毫秒内完成
23-Sep-2022 11:33:58.363 信息 [localhost-startStop-1] org.apache.catalina.startup.HostConfig.deployDirectory 把web 应用程序部署到目录 [/Users/anzhiweng/Documents/GitHub/15lspring/ServletAttempt/tomcat/apache-tomcat-8.5.82/webapps/ROOT]
23-Sep-2022 11:33:58.388 信息 [localhost-startStop-1] org.apache.catalina.startup.HostConfig.deployDirectory Web应用程序目录[/Users/anzhiweng/Documents/GitHub/15lspring/ServletAttempt/tomcat/apache-tomcat-8.5.82/webapps/ROOT]的部署已在[25]毫秒内完成
23-Sep-2022 11:33:58.389 信息 [localhost-startStop-1] org.apache.catalina.startup.HostConfig.deployDirectory 把web 应用程序部署到目录 [/Users/anzhiweng/Documents/GitHub/15lspring/ServletAttempt/tomcat/apache-tomcat-8.5.82/webapps/host-manager]
23-Sep-2022 11:33:58.404 信息 [localhost-startStop-1] org.apache.catalina.startup.HostConfig.deployDirectory Web应用程序目录[/Users/anzhiweng/Documents/GitHub/15lspring/ServletAttempt/tomcat/apache-tomcat-8.5.82/webapps/host-manager]的部署已在[15]毫秒内完成
23-Sep-2022 11:33:58.410 信息 [main] org.apache.coyote.AbstractProtocol.start 开始协议处理句柄["http-nio-8080"]
23-Sep-2022 11:33:58.426 信息 [main] org.apache.catalina.startup.Catalina.start Server startup in 595 ms
23-Sep-2022 11:34:14.262 信息 [Thread-2] org.apache.coyote.AbstractProtocol.pause 暂停ProtocolHandler["http-nio-8080"]
23-Sep-2022 11:34:14.269 信息 [Thread-2] org.apache.catalina.core.StandardService.stopInternal 正在停止服务[Catalina]
23-Sep-2022 11:34:14.295 信息 [Thread-2] org.apache.coyote.AbstractProtocol.stop 正在停止ProtocolHandler ["http-nio-8080"]
23-Sep-2022 11:34:14.307 信息 [Thread-2] org.apache.coyote.AbstractProtocol.destroy 正在摧毁协议处理器 ["http-nio-8080"]
23-Sep-2022 11:34:58.606 信息 [main] org.apache.catalina.startup.VersionLoggerListener.log Server.服务器版本: Apache Tomcat/8.5.82
23-Sep-2022 11:34:58.611 信息 [main] org.apache.catalina.startup.VersionLoggerListener.log 服务器构建:        Aug 8 2022 21:26:07 UTC
23-Sep-2022 11:34:58.611 信息 [main] org.apache.catalina.startup.VersionLoggerListener.log 服务器版本号:      8.5.82.0
23-Sep-2022 11:34:58.611 信息 [main] org.apache.catalina.startup.VersionLoggerListener.log 操作系统名称:      Mac OS X
23-Sep-2022 11:34:58.611 信息 [main] org.apache.catalina.startup.VersionLoggerListener.log OS.版本:           10.16
23-Sep-2022 11:34:58.612 信息 [main] org.apache.catalina.startup.VersionLoggerListener.log 架构:              x86_64
23-Sep-2022 11:34:58.612 信息 [main] org.apache.catalina.startup.VersionLoggerListener.log Java 环境变量:     /Library/Java/JavaVirtualMachines/adoptopenjdk-11.jdk/Contents/Home
23-Sep-2022 11:34:58.612 信息 [main] org.apache.catalina.startup.VersionLoggerListener.log Java虚拟机版本:    11.0.6+10
23-Sep-2022 11:34:58.612 信息 [main] org.apache.catalina.startup.VersionLoggerListener.log JVM.供应商:        AdoptOpenJDK
23-Sep-2022 11:34:58.612 信息 [main] org.apache.catalina.startup.VersionLoggerListener.log CATALINA_BASE:     /Users/anzhiweng/Documents/GitHub/15lspring/ServletAttempt/tomcat/apache-tomcat-8.5.82
23-Sep-2022 11:34:58.612 信息 [main] org.apache.catalina.startup.VersionLoggerListener.log CATALINA_HOME:     /Users/anzhiweng/Documents/GitHub/15lspring/ServletAttempt/tomcat/apache-tomcat-8.5.82
23-Sep-2022 11:34:58.613 信息 [main] org.apache.catalina.startup.VersionLoggerListener.log 命令行参数：       --add-opens=java.base/java.lang=ALL-UNNAMED
23-Sep-2022 11:34:58.613 信息 [main] org.apache.catalina.startup.VersionLoggerListener.log 命令行参数：       --add-opens=java.base/java.io=ALL-UNNAMED
23-Sep-2022 11:34:58.613 信息 [main] org.apache.catalina.startup.VersionLoggerListener.log 命令行参数：       --add-opens=java.base/java.util=ALL-UNNAMED
23-Sep-2022 11:34:58.613 信息 [main] org.apache.catalina.startup.VersionLoggerListener.log 命令行参数：       --add-opens=java.base/java.util.concurrent=ALL-UNNAMED
23-Sep-2022 11:34:58.613 信息 [main] org.apache.catalina.startup.VersionLoggerListener.log 命令行参数：       --add-opens=java.rmi/sun.rmi.transport=ALL-UNNAMED
23-Sep-2022 11:34:58.614 信息 [main] org.apache.catalina.startup.VersionLoggerListener.log 命令行参数：       -Djava.util.logging.config.file=/Users/anzhiweng/Documents/GitHub/15lspring/ServletAttempt/tomcat/apache-tomcat-8.5.82/conf/logging.properties
23-Sep-2022 11:34:58.614 信息 [main] org.apache.catalina.startup.VersionLoggerListener.log 命令行参数：       -Djava.util.logging.manager=org.apache.juli.ClassLoaderLogManager
23-Sep-2022 11:34:58.614 信息 [main] org.apache.catalina.startup.VersionLoggerListener.log 命令行参数：       -Djdk.tls.ephemeralDHKeySize=2048
23-Sep-2022 11:34:58.614 信息 [main] org.apache.catalina.startup.VersionLoggerListener.log 命令行参数：       -Djava.protocol.handler.pkgs=org.apache.catalina.webresources
23-Sep-2022 11:34:58.614 信息 [main] org.apache.catalina.startup.VersionLoggerListener.log 命令行参数：       -Dorg.apache.catalina.security.SecurityListener.UMASK=0027
23-Sep-2022 11:34:58.614 信息 [main] org.apache.catalina.startup.VersionLoggerListener.log 命令行参数：       -Dignore.endorsed.dirs=
23-Sep-2022 11:34:58.614 信息 [main] org.apache.catalina.startup.VersionLoggerListener.log 命令行参数：       -Dcatalina.base=/Users/anzhiweng/Documents/GitHub/15lspring/ServletAttempt/tomcat/apache-tomcat-8.5.82
23-Sep-2022 11:34:58.614 信息 [main] org.apache.catalina.startup.VersionLoggerListener.log 命令行参数：       -Dcatalina.home=/Users/anzhiweng/Documents/GitHub/15lspring/ServletAttempt/tomcat/apache-tomcat-8.5.82
23-Sep-2022 11:34:58.614 信息 [main] org.apache.catalina.startup.VersionLoggerListener.log 命令行参数：       -Djava.io.tmpdir=/Users/anzhiweng/Documents/GitHub/15lspring/ServletAttempt/tomcat/apache-tomcat-8.5.82/temp
23-Sep-2022 11:34:58.614 信息 [main] org.apache.catalina.core.AprLifecycleListener.lifecycleEvent 在java.library.path:[/Users/anzhiweng/Library/Java/Extensions:/Library/Java/Extensions:/Network/Library/Java/Extensions:/System/Library/Java/Extensions:/usr/lib/java:.]上找不到基于APR的Apache Tomcat本机库，该库允许在生产环境中获得最佳性能
23-Sep-2022 11:34:58.652 信息 [main] org.apache.coyote.AbstractProtocol.init 初始化协议处理器 ["http-nio-8080"]
23-Sep-2022 11:34:58.686 信息 [main] org.apache.catalina.startup.Catalina.load Initialization processed in 487 ms
23-Sep-2022 11:34:58.732 信息 [main] org.apache.catalina.core.StandardService.startInternal 正在启动服务[Catalina]
23-Sep-2022 11:34:58.733 信息 [main] org.apache.catalina.core.StandardEngine.startInternal 正在启动 Servlet 引擎：[Apache Tomcat/8.5.82]
23-Sep-2022 11:34:58.744 信息 [localhost-startStop-1] org.apache.catalina.startup.HostConfig.deployDirectory 把web 应用程序部署到目录 [/Users/anzhiweng/Documents/GitHub/15lspring/ServletAttempt/tomcat/apache-tomcat-8.5.82/webapps/docs]
23-Sep-2022 11:34:58.970 信息 [localhost-startStop-1] org.apache.catalina.startup.HostConfig.deployDirectory Web应用程序目录[/Users/anzhiweng/Documents/GitHub/15lspring/ServletAttempt/tomcat/apache-tomcat-8.5.82/webapps/docs]的部署已在[224]毫秒内完成
23-Sep-2022 11:34:58.970 信息 [localhost-startStop-1] org.apache.catalina.startup.HostConfig.deployDirectory 把web 应用程序部署到目录 [/Users/anzhiweng/Documents/GitHub/15lspring/ServletAttempt/tomcat/apache-tomcat-8.5.82/webapps/manager]
23-Sep-2022 11:34:59.005 信息 [localhost-startStop-1] org.apache.catalina.startup.HostConfig.deployDirectory Web应用程序目录[/Users/anzhiweng/Documents/GitHub/15lspring/ServletAttempt/tomcat/apache-tomcat-8.5.82/webapps/manager]的部署已在[35]毫秒内完成
23-Sep-2022 11:34:59.005 信息 [localhost-startStop-1] org.apache.catalina.startup.HostConfig.deployDirectory 把web 应用程序部署到目录 [/Users/anzhiweng/Documents/GitHub/15lspring/ServletAttempt/tomcat/apache-tomcat-8.5.82/webapps/examples]
23-Sep-2022 11:34:59.216 信息 [localhost-startStop-1] org.apache.catalina.startup.HostConfig.deployDirectory Web应用程序目录[/Users/anzhiweng/Documents/GitHub/15lspring/ServletAttempt/tomcat/apache-tomcat-8.5.82/webapps/examples]的部署已在[211]毫秒内完成
23-Sep-2022 11:34:59.216 信息 [localhost-startStop-1] org.apache.catalina.startup.HostConfig.deployDirectory 把web 应用程序部署到目录 [/Users/anzhiweng/Documents/GitHub/15lspring/ServletAttempt/tomcat/apache-tomcat-8.5.82/webapps/ROOT]
23-Sep-2022 11:34:59.247 信息 [localhost-startStop-1] org.apache.catalina.startup.HostConfig.deployDirectory Web应用程序目录[/Users/anzhiweng/Documents/GitHub/15lspring/ServletAttempt/tomcat/apache-tomcat-8.5.82/webapps/ROOT]的部署已在[31]毫秒内完成
23-Sep-2022 11:34:59.247 信息 [localhost-startStop-1] org.apache.catalina.startup.HostConfig.deployDirectory 把web 应用程序部署到目录 [/Users/anzhiweng/Documents/GitHub/15lspring/ServletAttempt/tomcat/apache-tomcat-8.5.82/webapps/host-manager]
23-Sep-2022 11:34:59.263 信息 [localhost-startStop-1] org.apache.catalina.startup.HostConfig.deployDirectory Web应用程序目录[/Users/anzhiweng/Documents/GitHub/15lspring/ServletAttempt/tomcat/apache-tomcat-8.5.82/webapps/host-manager]的部署已在[16]毫秒内完成
23-Sep-2022 11:34:59.267 信息 [main] org.apache.coyote.AbstractProtocol.start 开始协议处理句柄["http-nio-8080"]
23-Sep-2022 11:34:59.281 信息 [main] org.apache.catalina.startup.Catalina.start Server startup in 594 ms
23-Sep-2022 11:35:08.002 信息 [Thread-2] org.apache.coyote.AbstractProtocol.pause 暂停ProtocolHandler["http-nio-8080"]
23-Sep-2022 11:35:08.009 信息 [Thread-2] org.apache.catalina.core.StandardService.stopInternal 正在停止服务[Catalina]
23-Sep-2022 11:35:08.031 信息 [Thread-2] org.apache.coyote.AbstractProtocol.stop 正在停止ProtocolHandler ["http-nio-8080"]
23-Sep-2022 11:35:08.036 信息 [Thread-2] org.apache.coyote.AbstractProtocol.destroy 正在摧毁协议处理器 ["http-nio-8080"]
